09-Jan-2019 09:36:37.012 警告 [main] org.apache.tomcat.util.digester.SetPropertiesRule.begin [SetPropertiesRule]{Server/Service/Engine/Host/Context} Setting property 'source' to 'org.eclipse.jst.jee.server:ssm' did not find a matching property.
09-Jan-2019 09:36:37.067 信息 [main] org.apache.catalina.startup.VersionLoggerListener.log Server version:        Apache Tomcat/8.0.44
09-Jan-2019 09:36:37.067 信息 [main] org.apache.catalina.startup.VersionLoggerListener.log Server built:          May 10 2017 17:21:09 UTC
09-Jan-2019 09:36:37.068 信息 [main] org.apache.catalina.startup.VersionLoggerListener.log Server number:         8.0.44.0
09-Jan-2019 09:36:37.069 信息 [main] org.apache.catalina.startup.VersionLoggerListener.log OS Name:               Windows 10
09-Jan-2019 09:36:37.069 信息 [main] org.apache.catalina.startup.VersionLoggerListener.log OS Version:            10.0
09-Jan-2019 09:36:37.069 信息 [main] org.apache.catalina.startup.VersionLoggerListener.log Architecture:          amd64
09-Jan-2019 09:36:37.070 信息 [main] org.apache.catalina.startup.VersionLoggerListener.log Java Home:             D:\Tools\Java\jdk1.8.0_111\jre
09-Jan-2019 09:36:37.071 信息 [main] org.apache.catalina.startup.VersionLoggerListener.log JVM Version:           1.8.0_111-b14
09-Jan-2019 09:36:37.071 信息 [main] org.apache.catalina.startup.VersionLoggerListener.log JVM Vendor:            Oracle Corporation
09-Jan-2019 09:36:37.071 信息 [main] org.apache.catalina.startup.VersionLoggerListener.log CATALINA_BASE:         D:\Tools\apache-tomcat-8.0.44
09-Jan-2019 09:36:37.072 信息 [main] org.apache.catalina.startup.VersionLoggerListener.log CATALINA_HOME:         D:\Tools\apache-tomcat-8.0.44
09-Jan-2019 09:36:37.073 信息 [main] org.apache.catalina.startup.VersionLoggerListener.log Command line argument: -Djava.util.logging.config.file=D:\Tools\apache-tomcat-8.0.44\conf\logging.properties
09-Jan-2019 09:36:37.073 信息 [main] org.apache.catalina.startup.VersionLoggerListener.log Command line argument: -Djava.util.logging.manager=org.apache.juli.ClassLoaderLogManager
09-Jan-2019 09:36:37.075 信息 [main] org.apache.catalina.startup.VersionLoggerListener.log Command line argument: -Djdk.tls.ephemeralDHKeySize=2048
09-Jan-2019 09:36:37.076 信息 [main] org.apache.catalina.startup.VersionLoggerListener.log Command line argument: -Djava.protocol.handler.pkgs=org.apache.catalina.webresources
09-Jan-2019 09:36:37.096 信息 [main] org.apache.catalina.startup.VersionLoggerListener.log Command line argument: -Djava.endorsed.dirs=D:\Tools\apache-tomcat-8.0.44\endorsed
09-Jan-2019 09:36:37.097 信息 [main] org.apache.catalina.startup.VersionLoggerListener.log Command line argument: -Dcatalina.base=D:\Tools\apache-tomcat-8.0.44
09-Jan-2019 09:36:37.098 信息 [main] org.apache.catalina.startup.VersionLoggerListener.log Command line argument: -Dcatalina.home=D:\Tools\apache-tomcat-8.0.44
09-Jan-2019 09:36:37.099 信息 [main] org.apache.catalina.startup.VersionLoggerListener.log Command line argument: -Djava.io.tmpdir=D:\Tools\apache-tomcat-8.0.44\temp
09-Jan-2019 09:36:37.101 信息 [main] org.apache.catalina.core.AprLifecycleListener.lifecycleEvent Loaded APR based Apache Tomcat Native library 1.2.12 using APR version 1.5.2.
09-Jan-2019 09:36:37.101 信息 [main] org.apache.catalina.core.AprLifecycleListener.lifecycleEvent APR capabilities: IPv6 [true], sendfile [true], accept filters [false], random [true].
09-Jan-2019 09:36:38.641 信息 [main] org.apache.catalina.core.AprLifecycleListener.initializeSSL OpenSSL successfully initialized (OpenSSL 1.0.2k  26 Jan 2017)
09-Jan-2019 09:36:39.383 信息 [main] org.apache.coyote.AbstractProtocol.init Initializing ProtocolHandler ["http-apr-8888"]
09-Jan-2019 09:36:39.447 信息 [main] org.apache.coyote.AbstractProtocol.init Initializing ProtocolHandler ["ajp-apr-8009"]
09-Jan-2019 09:36:39.462 信息 [main] org.apache.catalina.startup.Catalina.load Initialization processed in 4638 ms
09-Jan-2019 09:36:39.634 信息 [main] org.apache.catalina.core.StandardService.startInternal Starting service Catalina
09-Jan-2019 09:36:39.639 信息 [main] org.apache.catalina.core.StandardEngine.startInternal Starting Servlet Engine: Apache Tomcat/8.0.44
09-Jan-2019 09:37:11.687 严重 [main] org.apache.catalina.startup.Catalina.stopServer Could not contact localhost:8005. Tomcat may not be running.
09-Jan-2019 09:39:42.144 警告 [main] org.apache.tomcat.util.digester.SetPropertiesRule.begin [SetPropertiesRule]{Server/Service/Engine/Host/Context} Setting property 'source' to 'org.eclipse.jst.jee.server:ssm' did not find a matching property.
09-Jan-2019 09:39:42.176 信息 [main] org.apache.catalina.startup.VersionLoggerListener.log Server version:        Apache Tomcat/8.0.44
09-Jan-2019 09:39:42.178 信息 [main] org.apache.catalina.startup.VersionLoggerListener.log Server built:          May 10 2017 17:21:09 UTC
09-Jan-2019 09:39:42.180 信息 [main] org.apache.catalina.startup.VersionLoggerListener.log Server number:         8.0.44.0
09-Jan-2019 09:39:42.181 信息 [main] org.apache.catalina.startup.VersionLoggerListener.log OS Name:               Windows 10
09-Jan-2019 09:39:42.183 信息 [main] org.apache.catalina.startup.VersionLoggerListener.log OS Version:            10.0
09-Jan-2019 09:39:42.183 信息 [main] org.apache.catalina.startup.VersionLoggerListener.log Architecture:          amd64
09-Jan-2019 09:39:42.184 信息 [main] org.apache.catalina.startup.VersionLoggerListener.log Java Home:             D:\Tools\Java\jdk1.8.0_111\jre
09-Jan-2019 09:39:42.186 信息 [main] org.apache.catalina.startup.VersionLoggerListener.log JVM Version:           1.8.0_111-b14
09-Jan-2019 09:39:42.186 信息 [main] org.apache.catalina.startup.VersionLoggerListener.log JVM Vendor:            Oracle Corporation
09-Jan-2019 09:39:42.191 信息 [main] org.apache.catalina.startup.VersionLoggerListener.log CATALINA_BASE:         D:\Tools\apache-tomcat-8.0.44
09-Jan-2019 09:39:42.192 信息 [main] org.apache.catalina.startup.VersionLoggerListener.log CATALINA_HOME:         D:\Tools\apache-tomcat-8.0.44
09-Jan-2019 09:39:42.193 信息 [main] org.apache.catalina.startup.VersionLoggerListener.log Command line argument: -Djava.util.logging.config.file=D:\Tools\apache-tomcat-8.0.44\conf\logging.properties
09-Jan-2019 09:39:42.193 信息 [main] org.apache.catalina.startup.VersionLoggerListener.log Command line argument: -Djava.util.logging.manager=org.apache.juli.ClassLoaderLogManager
09-Jan-2019 09:39:42.193 信息 [main] org.apache.catalina.startup.VersionLoggerListener.log Command line argument: -Djdk.tls.ephemeralDHKeySize=2048
09-Jan-2019 09:39:42.195 信息 [main] org.apache.catalina.startup.VersionLoggerListener.log Command line argument: -Djava.protocol.handler.pkgs=org.apache.catalina.webresources
09-Jan-2019 09:39:42.195 信息 [main] org.apache.catalina.startup.VersionLoggerListener.log Command line argument: -Djava.endorsed.dirs=D:\Tools\apache-tomcat-8.0.44\endorsed
09-Jan-2019 09:39:42.196 信息 [main] org.apache.catalina.startup.VersionLoggerListener.log Command line argument: -Dcatalina.base=D:\Tools\apache-tomcat-8.0.44
09-Jan-2019 09:39:42.197 信息 [main] org.apache.catalina.startup.VersionLoggerListener.log Command line argument: -Dcatalina.home=D:\Tools\apache-tomcat-8.0.44
09-Jan-2019 09:39:42.198 信息 [main] org.apache.catalina.startup.VersionLoggerListener.log Command line argument: -Djava.io.tmpdir=D:\Tools\apache-tomcat-8.0.44\temp
09-Jan-2019 09:39:42.199 信息 [main] org.apache.catalina.core.AprLifecycleListener.lifecycleEvent Loaded APR based Apache Tomcat Native library 1.2.12 using APR version 1.5.2.
09-Jan-2019 09:39:42.199 信息 [main] org.apache.catalina.core.AprLifecycleListener.lifecycleEvent APR capabilities: IPv6 [true], sendfile [true], accept filters [false], random [true].
09-Jan-2019 09:39:43.359 信息 [main] org.apache.catalina.core.AprLifecycleListener.initializeSSL OpenSSL successfully initialized (OpenSSL 1.0.2k  26 Jan 2017)
09-Jan-2019 09:39:43.920 信息 [main] org.apache.coyote.AbstractProtocol.init Initializing ProtocolHandler ["http-apr-8888"]
09-Jan-2019 09:39:43.998 信息 [main] org.apache.coyote.AbstractProtocol.init Initializing ProtocolHandler ["ajp-apr-8009"]
09-Jan-2019 09:39:44.003 信息 [main] org.apache.catalina.startup.Catalina.load Initialization processed in 3539 ms
09-Jan-2019 09:39:44.319 信息 [main] org.apache.catalina.core.StandardService.startInternal Starting service Catalina
09-Jan-2019 09:39:44.324 信息 [main] org.apache.catalina.core.StandardEngine.startInternal Starting Servlet Engine: Apache Tomcat/8.0.44
09-Jan-2019 09:39:56.168 信息 [localhost-startStop-1] org.apache.jasper.servlet.TldScanner.scanJars At least one JAR was scanned for TLDs yet contained no TLDs. Enable debug logging for this logger for a complete list of JARs that were scanned but no TLDs were found in them. Skipping unneeded JARs during scanning can improve startup time and JSP compilation time.
09-Jan-2019 09:40:04.783 信息 [localhost-startStop-1] org.apache.catalina.util.SessionIdGeneratorBase.createSecureRandom Creation of SecureRandom instance for session ID generation using [SHA1PRNG] took [652] milliseconds.
09-Jan-2019 09:40:08.850 信息 [localhost-startStop-1] org.apache.catalina.startup.HostConfig.deployDirectory Deploying web application directory D:\Tools\apache-tomcat-8.0.44\webapps\docs
09-Jan-2019 09:40:08.969 信息 [localhost-startStop-1] org.apache.catalina.startup.HostConfig.deployDirectory Deployment of web application directory D:\Tools\apache-tomcat-8.0.44\webapps\docs has finished in 119 ms
09-Jan-2019 09:40:08.971 信息 [localhost-startStop-1] org.apache.catalina.startup.HostConfig.deployDirectory Deploying web application directory D:\Tools\apache-tomcat-8.0.44\webapps\examples
09-Jan-2019 09:40:11.090 信息 [localhost-startStop-1] org.apache.catalina.startup.HostConfig.deployDirectory Deployment of web application directory D:\Tools\apache-tomcat-8.0.44\webapps\examples has finished in 2,118 ms
09-Jan-2019 09:40:11.091 信息 [localhost-startStop-1] org.apache.catalina.startup.HostConfig.deployDirectory Deploying web application directory D:\Tools\apache-tomcat-8.0.44\webapps\host-manager
09-Jan-2019 09:40:11.296 信息 [localhost-startStop-1] org.apache.catalina.startup.HostConfig.deployDirectory Deployment of web application directory D:\Tools\apache-tomcat-8.0.44\webapps\host-manager has finished in 205 ms
09-Jan-2019 09:40:11.296 信息 [localhost-startStop-1] org.apache.catalina.startup.HostConfig.deployDirectory Deploying web application directory D:\Tools\apache-tomcat-8.0.44\webapps\manager
09-Jan-2019 09:40:11.411 信息 [localhost-startStop-1] org.apache.catalina.startup.HostConfig.deployDirectory Deployment of web application directory D:\Tools\apache-tomcat-8.0.44\webapps\manager has finished in 114 ms
09-Jan-2019 09:40:11.422 信息 [localhost-startStop-1] org.apache.catalina.startup.HostConfig.deployDirectory Deploying web application directory D:\Tools\apache-tomcat-8.0.44\webapps\ROOT
09-Jan-2019 09:40:11.494 信息 [localhost-startStop-1] org.apache.catalina.startup.HostConfig.deployDirectory Deployment of web application directory D:\Tools\apache-tomcat-8.0.44\webapps\ROOT has finished in 72 ms
09-Jan-2019 09:40:11.529 信息 [main] org.apache.coyote.AbstractProtocol.start Starting ProtocolHandler ["http-apr-8888"]
09-Jan-2019 09:40:11.562 信息 [main] org.apache.coyote.AbstractProtocol.start Starting ProtocolHandler ["ajp-apr-8009"]
09-Jan-2019 09:40:11.568 信息 [main] org.apache.catalina.startup.Catalina.start Server startup in 27553 ms
09-Jan-2019 09:42:33.537 信息 [main] org.apache.catalina.core.StandardServer.await A valid shutdown command was received via the shutdown port. Stopping the Server instance.
09-Jan-2019 09:42:33.541 信息 [main] org.apache.coyote.AbstractProtocol.pause Pausing ProtocolHandler ["http-apr-8888"]
09-Jan-2019 09:42:33.618 信息 [main] org.apache.coyote.AbstractProtocol.pause Pausing ProtocolHandler ["ajp-apr-8009"]
09-Jan-2019 09:42:33.643 信息 [main] org.apache.catalina.core.StandardService.stopInternal Stopping service Catalina
09-Jan-2019 09:42:34.123 警告 [localhost-startStop-2] org.apache.catalina.loader.WebappClassLoaderBase.clearReferencesJdbc The web application [ssm] registered the JDBC driver [com.alibaba.druid.proxy.DruidDriver] but failed to unregister it when the web application was stopped. To prevent a memory leak, the JDBC Driver has been forcibly unregistered.
09-Jan-2019 09:42:34.138 警告 [localhost-startStop-2] org.apache.catalina.loader.WebappClassLoaderBase.clearReferencesJdbc The web application [ssm] registered the JDBC driver [com.mysql.jdbc.Driver] but failed to unregister it when the web application was stopped. To prevent a memory leak, the JDBC Driver has been forcibly unregistered.
09-Jan-2019 09:42:34.149 警告 [localhost-startStop-2] org.apache.catalina.loader.WebappClassLoaderBase.clearReferencesThreads The web application [ssm] appears to have started a thread named [Abandoned connection cleanup thread] but has failed to stop it. This is very likely to create a memory leak. Stack trace of thread:
 java.lang.Object.wait(Native Method)
 java.lang.ref.ReferenceQueue.remove(ReferenceQueue.java:143)
 com.mysql.jdbc.AbandonedConnectionCleanupThread.run(AbandonedConnectionCleanupThread.java:41)
09-Jan-2019 09:42:34.246 信息 [main] org.apache.coyote.AbstractProtocol.stop Stopping ProtocolHandler ["http-apr-8888"]
09-Jan-2019 09:42:34.320 信息 [main] org.apache.coyote.AbstractProtocol.stop Stopping ProtocolHandler ["ajp-apr-8009"]
09-Jan-2019 09:42:34.381 信息 [main] org.apache.coyote.AbstractProtocol.destroy Destroying ProtocolHandler ["http-apr-8888"]
09-Jan-2019 09:42:34.382 信息 [main] org.apache.coyote.AbstractProtocol.destroy Destroying ProtocolHandler ["ajp-apr-8009"]
