29-Jun-2018 12:58:03.038 警告 [main] org.apache.tomcat.util.digester.SetPropertiesRule.begin [SetPropertiesRule]{Server/Service/Engine/Host/Context} Setting property 'source' to 'org.eclipse.jst.jee.server:ssi' did not find a matching property.
29-Jun-2018 12:58:03.054 信息 [main] org.apache.catalina.startup.VersionLoggerListener.log Server version:        Apache Tomcat/8.0.44
29-Jun-2018 12:58:03.054 信息 [main] org.apache.catalina.startup.VersionLoggerListener.log Server built:          May 10 2017 17:21:09 UTC
29-Jun-2018 12:58:03.054 信息 [main] org.apache.catalina.startup.VersionLoggerListener.log Server number:         8.0.44.0
29-Jun-2018 12:58:03.054 信息 [main] org.apache.catalina.startup.VersionLoggerListener.log OS Name:               Windows 10
29-Jun-2018 12:58:03.055 信息 [main] org.apache.catalina.startup.VersionLoggerListener.log OS Version:            10.0
29-Jun-2018 12:58:03.055 信息 [main] org.apache.catalina.startup.VersionLoggerListener.log Architecture:          amd64
29-Jun-2018 12:58:03.055 信息 [main] org.apache.catalina.startup.VersionLoggerListener.log Java Home:             D:\Tools\Java\jdk1.8.0_111\jre
29-Jun-2018 12:58:03.055 信息 [main] org.apache.catalina.startup.VersionLoggerListener.log JVM Version:           1.8.0_111-b14
29-Jun-2018 12:58:03.055 信息 [main] org.apache.catalina.startup.VersionLoggerListener.log JVM Vendor:            Oracle Corporation
29-Jun-2018 12:58:03.056 信息 [main] org.apache.catalina.startup.VersionLoggerListener.log CATALINA_BASE:         D:\Tools\apache-tomcat-8.0.44
29-Jun-2018 12:58:03.056 信息 [main] org.apache.catalina.startup.VersionLoggerListener.log CATALINA_HOME:         D:\Tools\apache-tomcat-8.0.44
29-Jun-2018 12:58:03.056 信息 [main] org.apache.catalina.startup.VersionLoggerListener.log Command line argument: -Djava.util.logging.config.file=D:\Tools\apache-tomcat-8.0.44\conf\logging.properties
29-Jun-2018 12:58:03.056 信息 [main] org.apache.catalina.startup.VersionLoggerListener.log Command line argument: -Djava.util.logging.manager=org.apache.juli.ClassLoaderLogManager
29-Jun-2018 12:58:03.056 信息 [main] org.apache.catalina.startup.VersionLoggerListener.log Command line argument: -Djdk.tls.ephemeralDHKeySize=2048
29-Jun-2018 12:58:03.057 信息 [main] org.apache.catalina.startup.VersionLoggerListener.log Command line argument: -Djava.protocol.handler.pkgs=org.apache.catalina.webresources
29-Jun-2018 12:58:03.058 信息 [main] org.apache.catalina.startup.VersionLoggerListener.log Command line argument: -Djava.endorsed.dirs=D:\Tools\apache-tomcat-8.0.44\endorsed
29-Jun-2018 12:58:03.058 信息 [main] org.apache.catalina.startup.VersionLoggerListener.log Command line argument: -Dcatalina.base=D:\Tools\apache-tomcat-8.0.44
29-Jun-2018 12:58:03.059 信息 [main] org.apache.catalina.startup.VersionLoggerListener.log Command line argument: -Dcatalina.home=D:\Tools\apache-tomcat-8.0.44
29-Jun-2018 12:58:03.060 信息 [main] org.apache.catalina.startup.VersionLoggerListener.log Command line argument: -Djava.io.tmpdir=D:\Tools\apache-tomcat-8.0.44\temp
29-Jun-2018 12:58:03.061 信息 [main] org.apache.catalina.core.AprLifecycleListener.lifecycleEvent Loaded APR based Apache Tomcat Native library 1.2.12 using APR version 1.5.2.
29-Jun-2018 12:58:03.062 信息 [main] org.apache.catalina.core.AprLifecycleListener.lifecycleEvent APR capabilities: IPv6 [true], sendfile [true], accept filters [false], random [true].
29-Jun-2018 12:58:03.737 信息 [main] org.apache.catalina.core.AprLifecycleListener.initializeSSL OpenSSL successfully initialized (OpenSSL 1.0.2k  26 Jan 2017)
29-Jun-2018 12:58:03.876 信息 [main] org.apache.coyote.AbstractProtocol.init Initializing ProtocolHandler ["http-apr-8888"]
29-Jun-2018 12:58:03.888 信息 [main] org.apache.coyote.AbstractProtocol.init Initializing ProtocolHandler ["ajp-apr-8009"]
29-Jun-2018 12:58:03.890 信息 [main] org.apache.catalina.startup.Catalina.load Initialization processed in 1287 ms
29-Jun-2018 12:58:03.923 信息 [main] org.apache.catalina.core.StandardService.startInternal Starting service Catalina
29-Jun-2018 12:58:03.923 信息 [main] org.apache.catalina.core.StandardEngine.startInternal Starting Servlet Engine: Apache Tomcat/8.0.44
29-Jun-2018 12:58:06.527 信息 [localhost-startStop-1] org.apache.jasper.servlet.TldScanner.scanJars At least one JAR was scanned for TLDs yet contained no TLDs. Enable debug logging for this logger for a complete list of JARs that were scanned but no TLDs were found in them. Skipping unneeded JARs during scanning can improve startup time and JSP compilation time.
29-Jun-2018 12:58:09.873 信息 [localhost-startStop-1] org.apache.catalina.util.SessionIdGeneratorBase.createSecureRandom Creation of SecureRandom instance for session ID generation using [SHA1PRNG] took [152] milliseconds.
29-Jun-2018 12:58:11.538 信息 [localhost-startStop-1] org.apache.catalina.startup.HostConfig.deployDirectory Deploying web application directory D:\Tools\apache-tomcat-8.0.44\webapps\docs
29-Jun-2018 12:58:11.562 信息 [localhost-startStop-1] org.apache.catalina.startup.HostConfig.deployDirectory Deployment of web application directory D:\Tools\apache-tomcat-8.0.44\webapps\docs has finished in 25 ms
29-Jun-2018 12:58:11.566 信息 [localhost-startStop-1] org.apache.catalina.startup.HostConfig.deployDirectory Deploying web application directory D:\Tools\apache-tomcat-8.0.44\webapps\examples
29-Jun-2018 12:58:11.814 信息 [localhost-startStop-1] org.apache.catalina.startup.HostConfig.deployDirectory Deployment of web application directory D:\Tools\apache-tomcat-8.0.44\webapps\examples has finished in 248 ms
29-Jun-2018 12:58:11.815 信息 [localhost-startStop-1] org.apache.catalina.startup.HostConfig.deployDirectory Deploying web application directory D:\Tools\apache-tomcat-8.0.44\webapps\host-manager
29-Jun-2018 12:58:11.846 信息 [localhost-startStop-1] org.apache.catalina.startup.HostConfig.deployDirectory Deployment of web application directory D:\Tools\apache-tomcat-8.0.44\webapps\host-manager has finished in 31 ms
29-Jun-2018 12:58:11.847 信息 [localhost-startStop-1] org.apache.catalina.startup.HostConfig.deployDirectory Deploying web application directory D:\Tools\apache-tomcat-8.0.44\webapps\manager
29-Jun-2018 12:58:11.874 信息 [localhost-startStop-1] org.apache.catalina.startup.HostConfig.deployDirectory Deployment of web application directory D:\Tools\apache-tomcat-8.0.44\webapps\manager has finished in 26 ms
29-Jun-2018 12:58:11.874 信息 [localhost-startStop-1] org.apache.catalina.startup.HostConfig.deployDirectory Deploying web application directory D:\Tools\apache-tomcat-8.0.44\webapps\ROOT
29-Jun-2018 12:58:11.896 信息 [localhost-startStop-1] org.apache.catalina.startup.HostConfig.deployDirectory Deployment of web application directory D:\Tools\apache-tomcat-8.0.44\webapps\ROOT has finished in 22 ms
29-Jun-2018 12:58:11.904 信息 [main] org.apache.coyote.AbstractProtocol.start Starting ProtocolHandler ["http-apr-8888"]
29-Jun-2018 12:58:11.926 信息 [main] org.apache.coyote.AbstractProtocol.start Starting ProtocolHandler ["ajp-apr-8009"]
29-Jun-2018 12:58:11.934 信息 [main] org.apache.catalina.startup.Catalina.start Server startup in 8044 ms
