21-Jun-2018 09:43:43.229 警告 [main] org.apache.tomcat.util.digester.SetPropertiesRule.begin [SetPropertiesRule]{Server/Service/Engine/Host/Context} Setting property 'source' to 'org.eclipse.jst.jee.server:ssi' did not find a matching property.
21-Jun-2018 09:43:43.258 信息 [main] org.apache.catalina.startup.VersionLoggerListener.log Server version:        Apache Tomcat/8.0.44
21-Jun-2018 09:43:43.258 信息 [main] org.apache.catalina.startup.VersionLoggerListener.log Server built:          May 10 2017 17:21:09 UTC
21-Jun-2018 09:43:43.259 信息 [main] org.apache.catalina.startup.VersionLoggerListener.log Server number:         8.0.44.0
21-Jun-2018 09:43:43.259 信息 [main] org.apache.catalina.startup.VersionLoggerListener.log OS Name:               Windows 10
21-Jun-2018 09:43:43.260 信息 [main] org.apache.catalina.startup.VersionLoggerListener.log OS Version:            10.0
21-Jun-2018 09:43:43.261 信息 [main] org.apache.catalina.startup.VersionLoggerListener.log Architecture:          amd64
21-Jun-2018 09:43:43.262 信息 [main] org.apache.catalina.startup.VersionLoggerListener.log Java Home:             D:\Tools\Java\jdk1.8.0_111\jre
21-Jun-2018 09:43:43.262 信息 [main] org.apache.catalina.startup.VersionLoggerListener.log JVM Version:           1.8.0_111-b14
21-Jun-2018 09:43:43.263 信息 [main] org.apache.catalina.startup.VersionLoggerListener.log JVM Vendor:            Oracle Corporation
21-Jun-2018 09:43:43.264 信息 [main] org.apache.catalina.startup.VersionLoggerListener.log CATALINA_BASE:         D:\Tools\apache-tomcat-8.0.44
21-Jun-2018 09:43:43.265 信息 [main] org.apache.catalina.startup.VersionLoggerListener.log CATALINA_HOME:         D:\Tools\apache-tomcat-8.0.44
21-Jun-2018 09:43:43.266 信息 [main] org.apache.catalina.startup.VersionLoggerListener.log Command line argument: -Djava.util.logging.config.file=D:\Tools\apache-tomcat-8.0.44\conf\logging.properties
21-Jun-2018 09:43:43.267 信息 [main] org.apache.catalina.startup.VersionLoggerListener.log Command line argument: -Djava.util.logging.manager=org.apache.juli.ClassLoaderLogManager
21-Jun-2018 09:43:43.267 信息 [main] org.apache.catalina.startup.VersionLoggerListener.log Command line argument: -Djdk.tls.ephemeralDHKeySize=2048
21-Jun-2018 09:43:43.271 信息 [main] org.apache.catalina.startup.VersionLoggerListener.log Command line argument: -Djava.protocol.handler.pkgs=org.apache.catalina.webresources
21-Jun-2018 09:43:43.272 信息 [main] org.apache.catalina.startup.VersionLoggerListener.log Command line argument: -Djava.endorsed.dirs=D:\Tools\apache-tomcat-8.0.44\endorsed
21-Jun-2018 09:43:43.274 信息 [main] org.apache.catalina.startup.VersionLoggerListener.log Command line argument: -Dcatalina.base=D:\Tools\apache-tomcat-8.0.44
21-Jun-2018 09:43:43.274 信息 [main] org.apache.catalina.startup.VersionLoggerListener.log Command line argument: -Dcatalina.home=D:\Tools\apache-tomcat-8.0.44
21-Jun-2018 09:43:43.275 信息 [main] org.apache.catalina.startup.VersionLoggerListener.log Command line argument: -Djava.io.tmpdir=D:\Tools\apache-tomcat-8.0.44\temp
21-Jun-2018 09:43:43.276 信息 [main] org.apache.catalina.core.AprLifecycleListener.lifecycleEvent Loaded APR based Apache Tomcat Native library 1.2.12 using APR version 1.5.2.
21-Jun-2018 09:43:43.277 信息 [main] org.apache.catalina.core.AprLifecycleListener.lifecycleEvent APR capabilities: IPv6 [true], sendfile [true], accept filters [false], random [true].
21-Jun-2018 09:43:44.406 信息 [main] org.apache.catalina.core.AprLifecycleListener.initializeSSL OpenSSL successfully initialized (OpenSSL 1.0.2k  26 Jan 2017)
21-Jun-2018 09:43:44.827 信息 [main] org.apache.coyote.AbstractProtocol.init Initializing ProtocolHandler ["http-apr-8888"]
21-Jun-2018 09:43:44.868 信息 [main] org.apache.coyote.AbstractProtocol.init Initializing ProtocolHandler ["ajp-apr-8009"]
21-Jun-2018 09:43:44.923 信息 [main] org.apache.catalina.startup.Catalina.load Initialization processed in 2761 ms
21-Jun-2018 09:43:45.025 信息 [main] org.apache.catalina.core.StandardService.startInternal Starting service Catalina
21-Jun-2018 09:43:45.030 信息 [main] org.apache.catalina.core.StandardEngine.startInternal Starting Servlet Engine: Apache Tomcat/8.0.44
21-Jun-2018 09:43:50.365 信息 [localhost-startStop-1] org.apache.jasper.servlet.TldScanner.scanJars At least one JAR was scanned for TLDs yet contained no TLDs. Enable debug logging for this logger for a complete list of JARs that were scanned but no TLDs were found in them. Skipping unneeded JARs during scanning can improve startup time and JSP compilation time.
21-Jun-2018 09:43:56.630 信息 [localhost-startStop-1] org.apache.catalina.util.SessionIdGeneratorBase.createSecureRandom Creation of SecureRandom instance for session ID generation using [SHA1PRNG] took [107] milliseconds.
21-Jun-2018 09:44:00.573 信息 [localhost-startStop-1] org.apache.catalina.startup.HostConfig.deployDirectory Deploying web application directory D:\Tools\apache-tomcat-8.0.44\webapps\docs
21-Jun-2018 09:44:00.623 信息 [localhost-startStop-1] org.apache.catalina.startup.HostConfig.deployDirectory Deployment of web application directory D:\Tools\apache-tomcat-8.0.44\webapps\docs has finished in 49 ms
21-Jun-2018 09:44:00.623 信息 [localhost-startStop-1] org.apache.catalina.startup.HostConfig.deployDirectory Deploying web application directory D:\Tools\apache-tomcat-8.0.44\webapps\examples
21-Jun-2018 09:44:01.179 信息 [localhost-startStop-1] org.apache.catalina.startup.HostConfig.deployDirectory Deployment of web application directory D:\Tools\apache-tomcat-8.0.44\webapps\examples has finished in 556 ms
21-Jun-2018 09:44:01.186 信息 [localhost-startStop-1] org.apache.catalina.startup.HostConfig.deployDirectory Deploying web application directory D:\Tools\apache-tomcat-8.0.44\webapps\host-manager
21-Jun-2018 09:44:01.251 信息 [localhost-startStop-1] org.apache.catalina.startup.HostConfig.deployDirectory Deployment of web application directory D:\Tools\apache-tomcat-8.0.44\webapps\host-manager has finished in 69 ms
21-Jun-2018 09:44:01.251 信息 [localhost-startStop-1] org.apache.catalina.startup.HostConfig.deployDirectory Deploying web application directory D:\Tools\apache-tomcat-8.0.44\webapps\manager
21-Jun-2018 09:44:01.365 信息 [localhost-startStop-1] org.apache.catalina.startup.HostConfig.deployDirectory Deployment of web application directory D:\Tools\apache-tomcat-8.0.44\webapps\manager has finished in 113 ms
21-Jun-2018 09:44:01.371 信息 [localhost-startStop-1] org.apache.catalina.startup.HostConfig.deployDirectory Deploying web application directory D:\Tools\apache-tomcat-8.0.44\webapps\ROOT
21-Jun-2018 09:44:01.459 信息 [localhost-startStop-1] org.apache.catalina.startup.HostConfig.deployDirectory Deployment of web application directory D:\Tools\apache-tomcat-8.0.44\webapps\ROOT has finished in 87 ms
21-Jun-2018 09:44:01.578 信息 [main] org.apache.coyote.AbstractProtocol.start Starting ProtocolHandler ["http-apr-8888"]
21-Jun-2018 09:44:01.648 信息 [main] org.apache.coyote.AbstractProtocol.start Starting ProtocolHandler ["ajp-apr-8009"]
21-Jun-2018 09:44:01.654 信息 [main] org.apache.catalina.startup.Catalina.start Server startup in 16727 ms
21-Jun-2018 09:44:18.790 信息 [main] org.apache.catalina.core.StandardServer.await A valid shutdown command was received via the shutdown port. Stopping the Server instance.
21-Jun-2018 09:44:18.794 信息 [main] org.apache.coyote.AbstractProtocol.pause Pausing ProtocolHandler ["http-apr-8888"]
21-Jun-2018 09:44:18.911 信息 [main] org.apache.coyote.AbstractProtocol.pause Pausing ProtocolHandler ["ajp-apr-8009"]
21-Jun-2018 09:44:18.965 信息 [main] org.apache.catalina.core.StandardService.stopInternal Stopping service Catalina
21-Jun-2018 09:44:19.204 警告 [localhost-startStop-2] org.apache.catalina.loader.WebappClassLoaderBase.clearReferencesJdbc The web application [ssi] registered the JDBC driver [com.alibaba.druid.proxy.DruidDriver] but failed to unregister it when the web application was stopped. To prevent a memory leak, the JDBC Driver has been forcibly unregistered.
21-Jun-2018 09:44:19.205 警告 [localhost-startStop-2] org.apache.catalina.loader.WebappClassLoaderBase.clearReferencesJdbc The web application [ssi] registered the JDBC driver [com.mysql.jdbc.Driver] but failed to unregister it when the web application was stopped. To prevent a memory leak, the JDBC Driver has been forcibly unregistered.
21-Jun-2018 09:44:19.210 警告 [localhost-startStop-2] org.apache.catalina.loader.WebappClassLoaderBase.clearReferencesThreads The web application [ssi] appears to have started a thread named [Abandoned connection cleanup thread] but has failed to stop it. This is very likely to create a memory leak. Stack trace of thread:
 java.lang.Object.wait(Native Method)
 java.lang.ref.ReferenceQueue.remove(ReferenceQueue.java:143)
 com.mysql.jdbc.AbandonedConnectionCleanupThread.run(AbandonedConnectionCleanupThread.java:41)
21-Jun-2018 09:44:19.211 警告 [localhost-startStop-2] org.apache.catalina.loader.WebappClassLoaderBase.clearReferencesThreads The web application [ssi] appears to have started a thread named [Timer-0] but has failed to stop it. This is very likely to create a memory leak. Stack trace of thread:
 java.lang.Object.wait(Native Method)
 java.util.TimerThread.mainLoop(Timer.java:552)
 java.util.TimerThread.run(Timer.java:505)
21-Jun-2018 09:44:19.238 信息 [main] org.apache.coyote.AbstractProtocol.stop Stopping ProtocolHandler ["http-apr-8888"]
21-Jun-2018 09:44:19.297 信息 [main] org.apache.coyote.AbstractProtocol.stop Stopping ProtocolHandler ["ajp-apr-8009"]
21-Jun-2018 09:44:19.374 信息 [main] org.apache.coyote.AbstractProtocol.destroy Destroying ProtocolHandler ["http-apr-8888"]
21-Jun-2018 09:44:19.379 信息 [main] org.apache.coyote.AbstractProtocol.destroy Destroying ProtocolHandler ["ajp-apr-8009"]
21-Jun-2018 09:44:25.148 警告 [main] org.apache.tomcat.util.digester.SetPropertiesRule.begin [SetPropertiesRule]{Server/Service/Engine/Host/Context} Setting property 'source' to 'org.eclipse.jst.jee.server:ssi' did not find a matching property.
21-Jun-2018 09:44:25.181 信息 [main] org.apache.catalina.startup.VersionLoggerListener.log Server version:        Apache Tomcat/8.0.44
21-Jun-2018 09:44:25.182 信息 [main] org.apache.catalina.startup.VersionLoggerListener.log Server built:          May 10 2017 17:21:09 UTC
21-Jun-2018 09:44:25.182 信息 [main] org.apache.catalina.startup.VersionLoggerListener.log Server number:         8.0.44.0
21-Jun-2018 09:44:25.182 信息 [main] org.apache.catalina.startup.VersionLoggerListener.log OS Name:               Windows 10
21-Jun-2018 09:44:25.182 信息 [main] org.apache.catalina.startup.VersionLoggerListener.log OS Version:            10.0
21-Jun-2018 09:44:25.182 信息 [main] org.apache.catalina.startup.VersionLoggerListener.log Architecture:          amd64
21-Jun-2018 09:44:25.182 信息 [main] org.apache.catalina.startup.VersionLoggerListener.log Java Home:             D:\Tools\Java\jdk1.8.0_111\jre
21-Jun-2018 09:44:25.182 信息 [main] org.apache.catalina.startup.VersionLoggerListener.log JVM Version:           1.8.0_111-b14
21-Jun-2018 09:44:25.183 信息 [main] org.apache.catalina.startup.VersionLoggerListener.log JVM Vendor:            Oracle Corporation
21-Jun-2018 09:44:25.184 信息 [main] org.apache.catalina.startup.VersionLoggerListener.log CATALINA_BASE:         D:\Tools\apache-tomcat-8.0.44
21-Jun-2018 09:44:25.184 信息 [main] org.apache.catalina.startup.VersionLoggerListener.log CATALINA_HOME:         D:\Tools\apache-tomcat-8.0.44
21-Jun-2018 09:44:25.184 信息 [main] org.apache.catalina.startup.VersionLoggerListener.log Command line argument: -Djava.util.logging.config.file=D:\Tools\apache-tomcat-8.0.44\conf\logging.properties
21-Jun-2018 09:44:25.184 信息 [main] org.apache.catalina.startup.VersionLoggerListener.log Command line argument: -Djava.util.logging.manager=org.apache.juli.ClassLoaderLogManager
21-Jun-2018 09:44:25.185 信息 [main] org.apache.catalina.startup.VersionLoggerListener.log Command line argument: -Djdk.tls.ephemeralDHKeySize=2048
21-Jun-2018 09:44:25.185 信息 [main] org.apache.catalina.startup.VersionLoggerListener.log Command line argument: -Djava.protocol.handler.pkgs=org.apache.catalina.webresources
21-Jun-2018 09:44:25.188 信息 [main] org.apache.catalina.startup.VersionLoggerListener.log Command line argument: -Djava.endorsed.dirs=D:\Tools\apache-tomcat-8.0.44\endorsed
21-Jun-2018 09:44:25.189 信息 [main] org.apache.catalina.startup.VersionLoggerListener.log Command line argument: -Dcatalina.base=D:\Tools\apache-tomcat-8.0.44
21-Jun-2018 09:44:25.190 信息 [main] org.apache.catalina.startup.VersionLoggerListener.log Command line argument: -Dcatalina.home=D:\Tools\apache-tomcat-8.0.44
21-Jun-2018 09:44:25.192 信息 [main] org.apache.catalina.startup.VersionLoggerListener.log Command line argument: -Djava.io.tmpdir=D:\Tools\apache-tomcat-8.0.44\temp
21-Jun-2018 09:44:25.201 信息 [main] org.apache.catalina.core.AprLifecycleListener.lifecycleEvent Loaded APR based Apache Tomcat Native library 1.2.12 using APR version 1.5.2.
21-Jun-2018 09:44:25.202 信息 [main] org.apache.catalina.core.AprLifecycleListener.lifecycleEvent APR capabilities: IPv6 [true], sendfile [true], accept filters [false], random [true].
21-Jun-2018 09:44:26.252 信息 [main] org.apache.catalina.core.AprLifecycleListener.initializeSSL OpenSSL successfully initialized (OpenSSL 1.0.2k  26 Jan 2017)
21-Jun-2018 09:44:26.488 信息 [main] org.apache.coyote.AbstractProtocol.init Initializing ProtocolHandler ["http-apr-8888"]
21-Jun-2018 09:44:26.516 信息 [main] org.apache.coyote.AbstractProtocol.init Initializing ProtocolHandler ["ajp-apr-8009"]
21-Jun-2018 09:44:26.551 信息 [main] org.apache.catalina.startup.Catalina.load Initialization processed in 2230 ms
21-Jun-2018 09:44:26.674 信息 [main] org.apache.catalina.core.StandardService.startInternal Starting service Catalina
21-Jun-2018 09:44:26.676 信息 [main] org.apache.catalina.core.StandardEngine.startInternal Starting Servlet Engine: Apache Tomcat/8.0.44
21-Jun-2018 09:47:13.903 警告 [main] org.apache.tomcat.util.digester.SetPropertiesRule.begin [SetPropertiesRule]{Server/Service/Engine/Host/Context} Setting property 'source' to 'org.eclipse.jst.jee.server:ssi' did not find a matching property.
21-Jun-2018 09:47:13.937 信息 [main] org.apache.catalina.startup.VersionLoggerListener.log Server version:        Apache Tomcat/8.0.44
21-Jun-2018 09:47:13.938 信息 [main] org.apache.catalina.startup.VersionLoggerListener.log Server built:          May 10 2017 17:21:09 UTC
21-Jun-2018 09:47:13.938 信息 [main] org.apache.catalina.startup.VersionLoggerListener.log Server number:         8.0.44.0
21-Jun-2018 09:47:13.939 信息 [main] org.apache.catalina.startup.VersionLoggerListener.log OS Name:               Windows 10
21-Jun-2018 09:47:13.939 信息 [main] org.apache.catalina.startup.VersionLoggerListener.log OS Version:            10.0
21-Jun-2018 09:47:13.939 信息 [main] org.apache.catalina.startup.VersionLoggerListener.log Architecture:          amd64
21-Jun-2018 09:47:13.940 信息 [main] org.apache.catalina.startup.VersionLoggerListener.log Java Home:             D:\Tools\Java\jdk1.8.0_111\jre
21-Jun-2018 09:47:13.940 信息 [main] org.apache.catalina.startup.VersionLoggerListener.log JVM Version:           1.8.0_111-b14
21-Jun-2018 09:47:13.940 信息 [main] org.apache.catalina.startup.VersionLoggerListener.log JVM Vendor:            Oracle Corporation
21-Jun-2018 09:47:13.940 信息 [main] org.apache.catalina.startup.VersionLoggerListener.log CATALINA_BASE:         D:\Tools\apache-tomcat-8.0.44
21-Jun-2018 09:47:13.941 信息 [main] org.apache.catalina.startup.VersionLoggerListener.log CATALINA_HOME:         D:\Tools\apache-tomcat-8.0.44
21-Jun-2018 09:47:13.941 信息 [main] org.apache.catalina.startup.VersionLoggerListener.log Command line argument: -Djava.util.logging.config.file=D:\Tools\apache-tomcat-8.0.44\conf\logging.properties
21-Jun-2018 09:47:13.942 信息 [main] org.apache.catalina.startup.VersionLoggerListener.log Command line argument: -Djava.util.logging.manager=org.apache.juli.ClassLoaderLogManager
21-Jun-2018 09:47:13.943 信息 [main] org.apache.catalina.startup.VersionLoggerListener.log Command line argument: -Djdk.tls.ephemeralDHKeySize=2048
21-Jun-2018 09:47:13.946 信息 [main] org.apache.catalina.startup.VersionLoggerListener.log Command line argument: -Djava.protocol.handler.pkgs=org.apache.catalina.webresources
21-Jun-2018 09:47:13.953 信息 [main] org.apache.catalina.startup.VersionLoggerListener.log Command line argument: -Djava.endorsed.dirs=D:\Tools\apache-tomcat-8.0.44\endorsed
21-Jun-2018 09:47:13.954 信息 [main] org.apache.catalina.startup.VersionLoggerListener.log Command line argument: -Dcatalina.base=D:\Tools\apache-tomcat-8.0.44
21-Jun-2018 09:47:13.955 信息 [main] org.apache.catalina.startup.VersionLoggerListener.log Command line argument: -Dcatalina.home=D:\Tools\apache-tomcat-8.0.44
21-Jun-2018 09:47:13.956 信息 [main] org.apache.catalina.startup.VersionLoggerListener.log Command line argument: -Djava.io.tmpdir=D:\Tools\apache-tomcat-8.0.44\temp
21-Jun-2018 09:47:13.957 信息 [main] org.apache.catalina.core.AprLifecycleListener.lifecycleEvent Loaded APR based Apache Tomcat Native library 1.2.12 using APR version 1.5.2.
21-Jun-2018 09:47:13.957 信息 [main] org.apache.catalina.core.AprLifecycleListener.lifecycleEvent APR capabilities: IPv6 [true], sendfile [true], accept filters [false], random [true].
21-Jun-2018 09:47:15.012 信息 [main] org.apache.catalina.core.AprLifecycleListener.initializeSSL OpenSSL successfully initialized (OpenSSL 1.0.2k  26 Jan 2017)
21-Jun-2018 09:47:15.325 信息 [main] org.apache.coyote.AbstractProtocol.init Initializing ProtocolHandler ["http-apr-8888"]
21-Jun-2018 09:47:15.339 信息 [main] org.apache.coyote.AbstractProtocol.init Initializing ProtocolHandler ["ajp-apr-8009"]
21-Jun-2018 09:47:15.341 信息 [main] org.apache.catalina.startup.Catalina.load Initialization processed in 2288 ms
21-Jun-2018 09:47:15.407 信息 [main] org.apache.catalina.core.StandardService.startInternal Starting service Catalina
21-Jun-2018 09:47:15.407 信息 [main] org.apache.catalina.core.StandardEngine.startInternal Starting Servlet Engine: Apache Tomcat/8.0.44
21-Jun-2018 09:47:19.876 信息 [localhost-startStop-1] org.apache.jasper.servlet.TldScanner.scanJars At least one JAR was scanned for TLDs yet contained no TLDs. Enable debug logging for this logger for a complete list of JARs that were scanned but no TLDs were found in them. Skipping unneeded JARs during scanning can improve startup time and JSP compilation time.
21-Jun-2018 09:47:30.308 信息 [localhost-startStop-1] org.apache.catalina.startup.HostConfig.deployDirectory Deploying web application directory D:\Tools\apache-tomcat-8.0.44\webapps\docs
21-Jun-2018 09:47:30.391 信息 [localhost-startStop-1] org.apache.catalina.startup.HostConfig.deployDirectory Deployment of web application directory D:\Tools\apache-tomcat-8.0.44\webapps\docs has finished in 83 ms
21-Jun-2018 09:47:30.391 信息 [localhost-startStop-1] org.apache.catalina.startup.HostConfig.deployDirectory Deploying web application directory D:\Tools\apache-tomcat-8.0.44\webapps\examples
21-Jun-2018 09:47:30.895 信息 [localhost-startStop-1] org.apache.catalina.startup.HostConfig.deployDirectory Deployment of web application directory D:\Tools\apache-tomcat-8.0.44\webapps\examples has finished in 503 ms
21-Jun-2018 09:47:30.895 信息 [localhost-startStop-1] org.apache.catalina.startup.HostConfig.deployDirectory Deploying web application directory D:\Tools\apache-tomcat-8.0.44\webapps\host-manager
21-Jun-2018 09:47:30.958 信息 [localhost-startStop-1] org.apache.catalina.startup.HostConfig.deployDirectory Deployment of web application directory D:\Tools\apache-tomcat-8.0.44\webapps\host-manager has finished in 63 ms
21-Jun-2018 09:47:30.958 信息 [localhost-startStop-1] org.apache.catalina.startup.HostConfig.deployDirectory Deploying web application directory D:\Tools\apache-tomcat-8.0.44\webapps\manager
21-Jun-2018 09:47:31.017 信息 [localhost-startStop-1] org.apache.catalina.startup.HostConfig.deployDirectory Deployment of web application directory D:\Tools\apache-tomcat-8.0.44\webapps\manager has finished in 59 ms
21-Jun-2018 09:47:31.018 信息 [localhost-startStop-1] org.apache.catalina.startup.HostConfig.deployDirectory Deploying web application directory D:\Tools\apache-tomcat-8.0.44\webapps\ROOT
21-Jun-2018 09:47:31.076 信息 [localhost-startStop-1] org.apache.catalina.startup.HostConfig.deployDirectory Deployment of web application directory D:\Tools\apache-tomcat-8.0.44\webapps\ROOT has finished in 59 ms
21-Jun-2018 09:47:31.082 信息 [main] org.apache.coyote.AbstractProtocol.start Starting ProtocolHandler ["http-apr-8888"]
21-Jun-2018 09:47:31.112 信息 [main] org.apache.coyote.AbstractProtocol.start Starting ProtocolHandler ["ajp-apr-8009"]
21-Jun-2018 09:47:31.127 信息 [main] org.apache.catalina.startup.Catalina.start Server startup in 15785 ms
