02-Aug-2019 10:50:01.695 警告 [main] org.apache.tomcat.util.digester.SetPropertiesRule.begin [SetPropertiesRule]{Server/Service/Engine/Host/Context} Setting property 'source' to 'org.eclipse.jst.jee.server:mvc' did not find a matching property.
02-Aug-2019 10:50:01.716 信息 [main] org.apache.catalina.startup.VersionLoggerListener.log Server version:        Apache Tomcat/8.0.44
02-Aug-2019 10:50:01.716 信息 [main] org.apache.catalina.startup.VersionLoggerListener.log Server built:          May 10 2017 17:21:09 UTC
02-Aug-2019 10:50:01.717 信息 [main] org.apache.catalina.startup.VersionLoggerListener.log Server number:         8.0.44.0
02-Aug-2019 10:50:01.717 信息 [main] org.apache.catalina.startup.VersionLoggerListener.log OS Name:               Windows 10
02-Aug-2019 10:50:01.717 信息 [main] org.apache.catalina.startup.VersionLoggerListener.log OS Version:            10.0
02-Aug-2019 10:50:01.717 信息 [main] org.apache.catalina.startup.VersionLoggerListener.log Architecture:          amd64
02-Aug-2019 10:50:01.717 信息 [main] org.apache.catalina.startup.VersionLoggerListener.log Java Home:             D:\Tools\Java\jdk1.8.0_111\jre
02-Aug-2019 10:50:01.717 信息 [main] org.apache.catalina.startup.VersionLoggerListener.log JVM Version:           1.8.0_111-b14
02-Aug-2019 10:50:01.717 信息 [main] org.apache.catalina.startup.VersionLoggerListener.log JVM Vendor:            Oracle Corporation
02-Aug-2019 10:50:01.717 信息 [main] org.apache.catalina.startup.VersionLoggerListener.log CATALINA_BASE:         D:\Tools\apache-tomcat-8.0.44
02-Aug-2019 10:50:01.718 信息 [main] org.apache.catalina.startup.VersionLoggerListener.log CATALINA_HOME:         D:\Tools\apache-tomcat-8.0.44
02-Aug-2019 10:50:01.718 信息 [main] org.apache.catalina.startup.VersionLoggerListener.log Command line argument: -Djava.util.logging.config.file=D:\Tools\apache-tomcat-8.0.44\conf\logging.properties
02-Aug-2019 10:50:01.719 信息 [main] org.apache.catalina.startup.VersionLoggerListener.log Command line argument: -Djava.util.logging.manager=org.apache.juli.ClassLoaderLogManager
02-Aug-2019 10:50:01.719 信息 [main] org.apache.catalina.startup.VersionLoggerListener.log Command line argument: -Djdk.tls.ephemeralDHKeySize=2048
02-Aug-2019 10:50:01.719 信息 [main] org.apache.catalina.startup.VersionLoggerListener.log Command line argument: -Djava.protocol.handler.pkgs=org.apache.catalina.webresources
02-Aug-2019 10:50:01.720 信息 [main] org.apache.catalina.startup.VersionLoggerListener.log Command line argument: -Djava.endorsed.dirs=D:\Tools\apache-tomcat-8.0.44\endorsed
02-Aug-2019 10:50:01.726 信息 [main] org.apache.catalina.startup.VersionLoggerListener.log Command line argument: -Dcatalina.base=D:\Tools\apache-tomcat-8.0.44
02-Aug-2019 10:50:01.727 信息 [main] org.apache.catalina.startup.VersionLoggerListener.log Command line argument: -Dcatalina.home=D:\Tools\apache-tomcat-8.0.44
02-Aug-2019 10:50:01.728 信息 [main] org.apache.catalina.startup.VersionLoggerListener.log Command line argument: -Djava.io.tmpdir=D:\Tools\apache-tomcat-8.0.44\temp
02-Aug-2019 10:50:01.728 信息 [main] org.apache.catalina.core.AprLifecycleListener.lifecycleEvent Loaded APR based Apache Tomcat Native library 1.2.12 using APR version 1.5.2.
02-Aug-2019 10:50:01.729 信息 [main] org.apache.catalina.core.AprLifecycleListener.lifecycleEvent APR capabilities: IPv6 [true], sendfile [true], accept filters [false], random [true].
02-Aug-2019 10:50:02.646 信息 [main] org.apache.catalina.core.AprLifecycleListener.initializeSSL OpenSSL successfully initialized (OpenSSL 1.0.2k  26 Jan 2017)
02-Aug-2019 10:50:02.831 信息 [main] org.apache.coyote.AbstractProtocol.init Initializing ProtocolHandler ["http-apr-9090"]
02-Aug-2019 10:50:02.843 信息 [main] org.apache.coyote.AbstractProtocol.init Initializing ProtocolHandler ["ajp-apr-8009"]
02-Aug-2019 10:50:02.848 信息 [main] org.apache.catalina.startup.Catalina.load Initialization processed in 1741 ms
02-Aug-2019 10:50:02.915 信息 [main] org.apache.catalina.core.StandardService.startInternal Starting service Catalina
02-Aug-2019 10:50:02.920 信息 [main] org.apache.catalina.core.StandardEngine.startInternal Starting Servlet Engine: Apache Tomcat/8.0.44
02-Aug-2019 10:50:12.543 信息 [localhost-startStop-1] org.apache.jasper.servlet.TldScanner.scanJars At least one JAR was scanned for TLDs yet contained no TLDs. Enable debug logging for this logger for a complete list of JARs that were scanned but no TLDs were found in them. Skipping unneeded JARs during scanning can improve startup time and JSP compilation time.
02-Aug-2019 10:50:13.615 信息 [localhost-startStop-1] org.apache.catalina.util.SessionIdGeneratorBase.createSecureRandom Creation of SecureRandom instance for session ID generation using [SHA1PRNG] took [129] milliseconds.
02-Aug-2019 10:50:16.579 信息 [localhost-startStop-1] org.apache.catalina.startup.HostConfig.deployDirectory Deploying web application directory D:\Tools\apache-tomcat-8.0.44\webapps\docs
02-Aug-2019 10:50:16.655 信息 [localhost-startStop-1] org.apache.catalina.startup.HostConfig.deployDirectory Deployment of web application directory D:\Tools\apache-tomcat-8.0.44\webapps\docs has finished in 76 ms
02-Aug-2019 10:50:16.658 信息 [localhost-startStop-1] org.apache.catalina.startup.HostConfig.deployDirectory Deploying web application directory D:\Tools\apache-tomcat-8.0.44\webapps\examples
02-Aug-2019 10:50:18.437 信息 [localhost-startStop-1] org.apache.catalina.startup.HostConfig.deployDirectory Deployment of web application directory D:\Tools\apache-tomcat-8.0.44\webapps\examples has finished in 1,780 ms
02-Aug-2019 10:50:18.438 信息 [localhost-startStop-1] org.apache.catalina.startup.HostConfig.deployDirectory Deploying web application directory D:\Tools\apache-tomcat-8.0.44\webapps\host-manager
02-Aug-2019 10:50:18.523 信息 [localhost-startStop-1] org.apache.catalina.startup.HostConfig.deployDirectory Deployment of web application directory D:\Tools\apache-tomcat-8.0.44\webapps\host-manager has finished in 84 ms
02-Aug-2019 10:50:18.523 信息 [localhost-startStop-1] org.apache.catalina.startup.HostConfig.deployDirectory Deploying web application directory D:\Tools\apache-tomcat-8.0.44\webapps\manager
02-Aug-2019 10:50:18.581 信息 [localhost-startStop-1] org.apache.catalina.startup.HostConfig.deployDirectory Deployment of web application directory D:\Tools\apache-tomcat-8.0.44\webapps\manager has finished in 58 ms
02-Aug-2019 10:50:18.585 信息 [localhost-startStop-1] org.apache.catalina.startup.HostConfig.deployDirectory Deploying web application directory D:\Tools\apache-tomcat-8.0.44\webapps\ROOT
02-Aug-2019 10:50:18.623 信息 [localhost-startStop-1] org.apache.catalina.startup.HostConfig.deployDirectory Deployment of web application directory D:\Tools\apache-tomcat-8.0.44\webapps\ROOT has finished in 39 ms
02-Aug-2019 10:50:18.630 信息 [main] org.apache.coyote.AbstractProtocol.start Starting ProtocolHandler ["http-apr-9090"]
02-Aug-2019 10:50:18.667 信息 [main] org.apache.coyote.AbstractProtocol.start Starting ProtocolHandler ["ajp-apr-8009"]
02-Aug-2019 10:50:18.676 信息 [main] org.apache.catalina.startup.Catalina.start Server startup in 15828 ms
02-Aug-2019 11:12:27.773 警告 [main] org.apache.tomcat.util.digester.SetPropertiesRule.begin [SetPropertiesRule]{Server/Service/Engine/Host/Context} Setting property 'source' to 'org.eclipse.jst.jee.server:mvc' did not find a matching property.
02-Aug-2019 11:12:27.786 信息 [main] org.apache.catalina.startup.VersionLoggerListener.log Server version:        Apache Tomcat/8.0.44
02-Aug-2019 11:12:27.787 信息 [main] org.apache.catalina.startup.VersionLoggerListener.log Server built:          May 10 2017 17:21:09 UTC
02-Aug-2019 11:12:27.787 信息 [main] org.apache.catalina.startup.VersionLoggerListener.log Server number:         8.0.44.0
02-Aug-2019 11:12:27.788 信息 [main] org.apache.catalina.startup.VersionLoggerListener.log OS Name:               Windows 10
02-Aug-2019 11:12:27.788 信息 [main] org.apache.catalina.startup.VersionLoggerListener.log OS Version:            10.0
02-Aug-2019 11:12:27.788 信息 [main] org.apache.catalina.startup.VersionLoggerListener.log Architecture:          amd64
02-Aug-2019 11:12:27.788 信息 [main] org.apache.catalina.startup.VersionLoggerListener.log Java Home:             D:\Tools\Java\jdk1.8.0_111\jre
02-Aug-2019 11:12:27.788 信息 [main] org.apache.catalina.startup.VersionLoggerListener.log JVM Version:           1.8.0_111-b14
02-Aug-2019 11:12:27.788 信息 [main] org.apache.catalina.startup.VersionLoggerListener.log JVM Vendor:            Oracle Corporation
02-Aug-2019 11:12:27.788 信息 [main] org.apache.catalina.startup.VersionLoggerListener.log CATALINA_BASE:         D:\Tools\apache-tomcat-8.0.44
02-Aug-2019 11:12:27.788 信息 [main] org.apache.catalina.startup.VersionLoggerListener.log CATALINA_HOME:         D:\Tools\apache-tomcat-8.0.44
02-Aug-2019 11:12:27.789 信息 [main] org.apache.catalina.startup.VersionLoggerListener.log Command line argument: -Djava.util.logging.config.file=D:\Tools\apache-tomcat-8.0.44\conf\logging.properties
02-Aug-2019 11:12:27.789 信息 [main] org.apache.catalina.startup.VersionLoggerListener.log Command line argument: -Djava.util.logging.manager=org.apache.juli.ClassLoaderLogManager
02-Aug-2019 11:12:27.789 信息 [main] org.apache.catalina.startup.VersionLoggerListener.log Command line argument: -Djdk.tls.ephemeralDHKeySize=2048
02-Aug-2019 11:12:27.789 信息 [main] org.apache.catalina.startup.VersionLoggerListener.log Command line argument: -Djava.protocol.handler.pkgs=org.apache.catalina.webresources
02-Aug-2019 11:12:27.790 信息 [main] org.apache.catalina.startup.VersionLoggerListener.log Command line argument: -Djava.endorsed.dirs=D:\Tools\apache-tomcat-8.0.44\endorsed
02-Aug-2019 11:12:27.790 信息 [main] org.apache.catalina.startup.VersionLoggerListener.log Command line argument: -Dcatalina.base=D:\Tools\apache-tomcat-8.0.44
02-Aug-2019 11:12:27.790 信息 [main] org.apache.catalina.startup.VersionLoggerListener.log Command line argument: -Dcatalina.home=D:\Tools\apache-tomcat-8.0.44
02-Aug-2019 11:12:27.791 信息 [main] org.apache.catalina.startup.VersionLoggerListener.log Command line argument: -Djava.io.tmpdir=D:\Tools\apache-tomcat-8.0.44\temp
02-Aug-2019 11:12:27.791 信息 [main] org.apache.catalina.core.AprLifecycleListener.lifecycleEvent Loaded APR based Apache Tomcat Native library 1.2.12 using APR version 1.5.2.
02-Aug-2019 11:12:27.792 信息 [main] org.apache.catalina.core.AprLifecycleListener.lifecycleEvent APR capabilities: IPv6 [true], sendfile [true], accept filters [false], random [true].
02-Aug-2019 11:12:28.434 信息 [main] org.apache.catalina.core.AprLifecycleListener.initializeSSL OpenSSL successfully initialized (OpenSSL 1.0.2k  26 Jan 2017)
02-Aug-2019 11:12:28.578 信息 [main] org.apache.coyote.AbstractProtocol.init Initializing ProtocolHandler ["http-apr-9090"]
02-Aug-2019 11:12:28.590 信息 [main] org.apache.coyote.AbstractProtocol.init Initializing ProtocolHandler ["ajp-apr-8009"]
02-Aug-2019 11:12:28.593 信息 [main] org.apache.catalina.startup.Catalina.load Initialization processed in 1208 ms
02-Aug-2019 11:12:28.628 信息 [main] org.apache.catalina.core.StandardService.startInternal Starting service Catalina
02-Aug-2019 11:12:28.629 信息 [main] org.apache.catalina.core.StandardEngine.startInternal Starting Servlet Engine: Apache Tomcat/8.0.44
02-Aug-2019 11:12:38.072 信息 [localhost-startStop-1] org.apache.jasper.servlet.TldScanner.scanJars At least one JAR was scanned for TLDs yet contained no TLDs. Enable debug logging for this logger for a complete list of JARs that were scanned but no TLDs were found in them. Skipping unneeded JARs during scanning can improve startup time and JSP compilation time.
02-Aug-2019 11:12:38.853 信息 [localhost-startStop-1] org.apache.catalina.util.SessionIdGeneratorBase.createSecureRandom Creation of SecureRandom instance for session ID generation using [SHA1PRNG] took [109] milliseconds.
02-Aug-2019 11:12:41.184 信息 [localhost-startStop-1] org.apache.catalina.startup.HostConfig.deployDirectory Deploying web application directory D:\Tools\apache-tomcat-8.0.44\webapps\docs
02-Aug-2019 11:12:41.228 信息 [localhost-startStop-1] org.apache.catalina.startup.HostConfig.deployDirectory Deployment of web application directory D:\Tools\apache-tomcat-8.0.44\webapps\docs has finished in 44 ms
02-Aug-2019 11:12:41.228 信息 [localhost-startStop-1] org.apache.catalina.startup.HostConfig.deployDirectory Deploying web application directory D:\Tools\apache-tomcat-8.0.44\webapps\examples
02-Aug-2019 11:12:42.215 信息 [localhost-startStop-1] org.apache.catalina.startup.HostConfig.deployDirectory Deployment of web application directory D:\Tools\apache-tomcat-8.0.44\webapps\examples has finished in 987 ms
02-Aug-2019 11:12:42.216 信息 [localhost-startStop-1] org.apache.catalina.startup.HostConfig.deployDirectory Deploying web application directory D:\Tools\apache-tomcat-8.0.44\webapps\host-manager
02-Aug-2019 11:12:42.272 信息 [localhost-startStop-1] org.apache.catalina.startup.HostConfig.deployDirectory Deployment of web application directory D:\Tools\apache-tomcat-8.0.44\webapps\host-manager has finished in 55 ms
02-Aug-2019 11:12:42.273 信息 [localhost-startStop-1] org.apache.catalina.startup.HostConfig.deployDirectory Deploying web application directory D:\Tools\apache-tomcat-8.0.44\webapps\manager
02-Aug-2019 11:12:42.326 信息 [localhost-startStop-1] org.apache.catalina.startup.HostConfig.deployDirectory Deployment of web application directory D:\Tools\apache-tomcat-8.0.44\webapps\manager has finished in 53 ms
02-Aug-2019 11:12:42.328 信息 [localhost-startStop-1] org.apache.catalina.startup.HostConfig.deployDirectory Deploying web application directory D:\Tools\apache-tomcat-8.0.44\webapps\ROOT
02-Aug-2019 11:12:42.364 信息 [localhost-startStop-1] org.apache.catalina.startup.HostConfig.deployDirectory Deployment of web application directory D:\Tools\apache-tomcat-8.0.44\webapps\ROOT has finished in 36 ms
02-Aug-2019 11:12:42.374 信息 [main] org.apache.coyote.AbstractProtocol.start Starting ProtocolHandler ["http-apr-9090"]
02-Aug-2019 11:12:42.392 信息 [main] org.apache.coyote.AbstractProtocol.start Starting ProtocolHandler ["ajp-apr-8009"]
02-Aug-2019 11:12:42.398 信息 [main] org.apache.catalina.startup.Catalina.start Server startup in 13803 ms
