17-Jun-2019 09:31:34.401 信息 [main] org.apache.catalina.startup.VersionLoggerListener.log Server version:        Apache Tomcat/8.0.44
17-Jun-2019 09:31:34.411 信息 [main] org.apache.catalina.startup.VersionLoggerListener.log Server built:          May 10 2017 17:21:09 UTC
17-Jun-2019 09:31:34.413 信息 [main] org.apache.catalina.startup.VersionLoggerListener.log Server number:         8.0.44.0
17-Jun-2019 09:31:34.413 信息 [main] org.apache.catalina.startup.VersionLoggerListener.log OS Name:               Windows 10
17-Jun-2019 09:31:34.414 信息 [main] org.apache.catalina.startup.VersionLoggerListener.log OS Version:            10.0
17-Jun-2019 09:31:34.414 信息 [main] org.apache.catalina.startup.VersionLoggerListener.log Architecture:          amd64
17-Jun-2019 09:31:34.414 信息 [main] org.apache.catalina.startup.VersionLoggerListener.log Java Home:             D:\Tools\Java\jdk1.8.0_111\jre
17-Jun-2019 09:31:34.414 信息 [main] org.apache.catalina.startup.VersionLoggerListener.log JVM Version:           1.8.0_111-b14
17-Jun-2019 09:31:34.414 信息 [main] org.apache.catalina.startup.VersionLoggerListener.log JVM Vendor:            Oracle Corporation
17-Jun-2019 09:31:34.415 信息 [main] org.apache.catalina.startup.VersionLoggerListener.log CATALINA_BASE:         D:\Tools\apache-tomcat-8.0.44
17-Jun-2019 09:31:34.415 信息 [main] org.apache.catalina.startup.VersionLoggerListener.log CATALINA_HOME:         D:\Tools\apache-tomcat-8.0.44
17-Jun-2019 09:31:34.415 信息 [main] org.apache.catalina.startup.VersionLoggerListener.log Command line argument: -Djava.util.logging.config.file=D:\Tools\apache-tomcat-8.0.44\conf\logging.properties
17-Jun-2019 09:31:34.415 信息 [main] org.apache.catalina.startup.VersionLoggerListener.log Command line argument: -Djava.util.logging.manager=org.apache.juli.ClassLoaderLogManager
17-Jun-2019 09:31:34.416 信息 [main] org.apache.catalina.startup.VersionLoggerListener.log Command line argument: -Djdk.tls.ephemeralDHKeySize=2048
17-Jun-2019 09:31:34.416 信息 [main] org.apache.catalina.startup.VersionLoggerListener.log Command line argument: -Djava.protocol.handler.pkgs=org.apache.catalina.webresources
17-Jun-2019 09:31:34.417 信息 [main] org.apache.catalina.startup.VersionLoggerListener.log Command line argument: -Djava.endorsed.dirs=D:\Tools\apache-tomcat-8.0.44\endorsed
17-Jun-2019 09:31:34.418 信息 [main] org.apache.catalina.startup.VersionLoggerListener.log Command line argument: -Dcatalina.base=D:\Tools\apache-tomcat-8.0.44
17-Jun-2019 09:31:34.420 信息 [main] org.apache.catalina.startup.VersionLoggerListener.log Command line argument: -Dcatalina.home=D:\Tools\apache-tomcat-8.0.44
17-Jun-2019 09:31:34.423 信息 [main] org.apache.catalina.startup.VersionLoggerListener.log Command line argument: -Djava.io.tmpdir=D:\Tools\apache-tomcat-8.0.44\temp
17-Jun-2019 09:31:34.433 信息 [main] org.apache.catalina.core.AprLifecycleListener.lifecycleEvent Loaded APR based Apache Tomcat Native library 1.2.12 using APR version 1.5.2.
17-Jun-2019 09:31:34.436 信息 [main] org.apache.catalina.core.AprLifecycleListener.lifecycleEvent APR capabilities: IPv6 [true], sendfile [true], accept filters [false], random [true].
17-Jun-2019 09:31:35.543 信息 [main] org.apache.catalina.core.AprLifecycleListener.initializeSSL OpenSSL successfully initialized (OpenSSL 1.0.2k  26 Jan 2017)
17-Jun-2019 09:31:35.990 信息 [main] org.apache.coyote.AbstractProtocol.init Initializing ProtocolHandler ["http-apr-8080"]
17-Jun-2019 09:31:36.054 严重 [main] org.apache.coyote.AbstractProtocol.init Failed to initialize end point associated with ProtocolHandler ["http-apr-8080"]
 java.lang.Exception: Socket bind failed: [730048] ?????????×???(Э?é/???????/???)????í??
	at org.apache.tomcat.util.net.AprEndpoint.bind(AprEndpoint.java:471)
	at org.apache.tomcat.util.net.AbstractEndpoint.init(AbstractEndpoint.java:810)
	at org.apache.coyote.AbstractProtocol.init(AbstractProtocol.java:476)
	at org.apache.catalina.connector.Connector.initInternal(Connector.java:960)
	at org.apache.catalina.util.LifecycleBase.init(LifecycleBase.java:102)
	at org.apache.catalina.core.StandardService.initInternal(StandardService.java:568)
	at org.apache.catalina.util.LifecycleBase.init(LifecycleBase.java:102)
	at org.apache.catalina.core.StandardServer.initInternal(StandardServer.java:871)
	at org.apache.catalina.util.LifecycleBase.init(LifecycleBase.java:102)
	at org.apache.catalina.startup.Catalina.load(Catalina.java:581)
	at org.apache.catalina.startup.Catalina.load(Catalina.java:604)
	at sun.reflect.NativeMethodAccessorImpl.invoke0(Native Method)
	at sun.reflect.NativeMethodAccessorImpl.invoke(NativeMethodAccessorImpl.java:62)
	at sun.reflect.DelegatingMethodAccessorImpl.invoke(DelegatingMethodAccessorImpl.java:43)
	at java.lang.reflect.Method.invoke(Method.java:498)
	at org.apache.catalina.startup.Bootstrap.load(Bootstrap.java:310)
	at org.apache.catalina.startup.Bootstrap.main(Bootstrap.java:484)

17-Jun-2019 09:31:36.060 严重 [main] org.apache.catalina.core.StandardService.initInternal Failed to initialize connector [Connector[HTTP/1.1-8080]]
 org.apache.catalina.LifecycleException: Failed to initialize component [Connector[HTTP/1.1-8080]]
	at org.apache.catalina.util.LifecycleBase.init(LifecycleBase.java:107)
	at org.apache.catalina.core.StandardService.initInternal(StandardService.java:568)
	at org.apache.catalina.util.LifecycleBase.init(LifecycleBase.java:102)
	at org.apache.catalina.core.StandardServer.initInternal(StandardServer.java:871)
	at org.apache.catalina.util.LifecycleBase.init(LifecycleBase.java:102)
	at org.apache.catalina.startup.Catalina.load(Catalina.java:581)
	at org.apache.catalina.startup.Catalina.load(Catalina.java:604)
	at sun.reflect.NativeMethodAccessorImpl.invoke0(Native Method)
	at sun.reflect.NativeMethodAccessorImpl.invoke(NativeMethodAccessorImpl.java:62)
	at sun.reflect.DelegatingMethodAccessorImpl.invoke(DelegatingMethodAccessorImpl.java:43)
	at java.lang.reflect.Method.invoke(Method.java:498)
	at org.apache.catalina.startup.Bootstrap.load(Bootstrap.java:310)
	at org.apache.catalina.startup.Bootstrap.main(Bootstrap.java:484)
Caused by: org.apache.catalina.LifecycleException: Protocol handler initialization failed
	at org.apache.catalina.connector.Connector.initInternal(Connector.java:962)
	at org.apache.catalina.util.LifecycleBase.init(LifecycleBase.java:102)
	... 12 more
Caused by: java.lang.Exception: Socket bind failed: [730048] ?????????×???(Э?é/???????/???)????í??
	at org.apache.tomcat.util.net.AprEndpoint.bind(AprEndpoint.java:471)
	at org.apache.tomcat.util.net.AbstractEndpoint.init(AbstractEndpoint.java:810)
	at org.apache.coyote.AbstractProtocol.init(AbstractProtocol.java:476)
	at org.apache.catalina.connector.Connector.initInternal(Connector.java:960)
	... 13 more

17-Jun-2019 09:31:36.071 信息 [main] org.apache.coyote.AbstractProtocol.init Initializing ProtocolHandler ["ajp-apr-8009"]
17-Jun-2019 09:31:36.081 信息 [main] org.apache.catalina.startup.Catalina.load Initialization processed in 2972 ms
17-Jun-2019 09:31:36.204 信息 [main] org.apache.catalina.core.StandardService.startInternal Starting service Catalina
17-Jun-2019 09:31:36.206 信息 [main] org.apache.catalina.core.StandardEngine.startInternal Starting Servlet Engine: Apache Tomcat/8.0.44
17-Jun-2019 09:31:36.299 信息 [localhost-startStop-1] org.apache.catalina.startup.HostConfig.deployDescriptor Deploying configuration descriptor D:\Tools\apache-tomcat-8.0.44\conf\Catalina\localhost\app.xml
17-Jun-2019 09:31:36.438 警告 [localhost-startStop-1] org.apache.catalina.startup.SetContextPropertiesRule.begin [SetContextPropertiesRule]{Context} Setting property 'source' to 'org.eclipse.jst.jee.server:app' did not find a matching property.
17-Jun-2019 09:31:44.235 信息 [localhost-startStop-1] org.apache.jasper.servlet.TldScanner.scanJars At least one JAR was scanned for TLDs yet contained no TLDs. Enable debug logging for this logger for a complete list of JARs that were scanned but no TLDs were found in them. Skipping unneeded JARs during scanning can improve startup time and JSP compilation time.
17-Jun-2019 09:31:51.908 信息 [localhost-startStop-1] org.apache.catalina.util.SessionIdGeneratorBase.createSecureRandom Creation of SecureRandom instance for session ID generation using [SHA1PRNG] took [333] milliseconds.
17-Jun-2019 09:31:55.407 信息 [localhost-startStop-1] org.apache.catalina.startup.HostConfig.deployDescriptor Deployment of configuration descriptor D:\Tools\apache-tomcat-8.0.44\conf\Catalina\localhost\app.xml has finished in 19,107 ms
17-Jun-2019 09:31:55.409 信息 [localhost-startStop-1] org.apache.catalina.startup.HostConfig.deployDirectory Deploying web application directory D:\Tools\apache-tomcat-8.0.44\webapps\docs
17-Jun-2019 09:31:55.534 信息 [localhost-startStop-1] org.apache.catalina.startup.HostConfig.deployDirectory Deployment of web application directory D:\Tools\apache-tomcat-8.0.44\webapps\docs has finished in 124 ms
17-Jun-2019 09:31:55.534 信息 [localhost-startStop-1] org.apache.catalina.startup.HostConfig.deployDirectory Deploying web application directory D:\Tools\apache-tomcat-8.0.44\webapps\examples
17-Jun-2019 09:31:56.409 信息 [localhost-startStop-1] org.apache.catalina.startup.HostConfig.deployDirectory Deployment of web application directory D:\Tools\apache-tomcat-8.0.44\webapps\examples has finished in 875 ms
17-Jun-2019 09:31:56.410 信息 [localhost-startStop-1] org.apache.catalina.startup.HostConfig.deployDirectory Deploying web application directory D:\Tools\apache-tomcat-8.0.44\webapps\host-manager
17-Jun-2019 09:31:56.517 信息 [localhost-startStop-1] org.apache.catalina.startup.HostConfig.deployDirectory Deployment of web application directory D:\Tools\apache-tomcat-8.0.44\webapps\host-manager has finished in 106 ms
17-Jun-2019 09:31:56.517 信息 [localhost-startStop-1] org.apache.catalina.startup.HostConfig.deployDirectory Deploying web application directory D:\Tools\apache-tomcat-8.0.44\webapps\manager
17-Jun-2019 09:31:56.693 信息 [localhost-startStop-1] org.apache.catalina.startup.HostConfig.deployDirectory Deployment of web application directory D:\Tools\apache-tomcat-8.0.44\webapps\manager has finished in 174 ms
17-Jun-2019 09:31:56.698 信息 [localhost-startStop-1] org.apache.catalina.startup.HostConfig.deployDirectory Deploying web application directory D:\Tools\apache-tomcat-8.0.44\webapps\ROOT
17-Jun-2019 09:31:56.760 信息 [localhost-startStop-1] org.apache.catalina.startup.HostConfig.deployDirectory Deployment of web application directory D:\Tools\apache-tomcat-8.0.44\webapps\ROOT has finished in 60 ms
17-Jun-2019 09:31:56.786 信息 [main] org.apache.coyote.AbstractProtocol.start Starting ProtocolHandler ["ajp-apr-8009"]
17-Jun-2019 09:31:56.906 信息 [main] org.apache.catalina.startup.Catalina.start Server startup in 20818 ms
17-Jun-2019 09:33:18.657 信息 [main] org.apache.catalina.startup.VersionLoggerListener.log Server version:        Apache Tomcat/8.0.44
17-Jun-2019 09:33:18.662 信息 [main] org.apache.catalina.startup.VersionLoggerListener.log Server built:          May 10 2017 17:21:09 UTC
17-Jun-2019 09:33:18.663 信息 [main] org.apache.catalina.startup.VersionLoggerListener.log Server number:         8.0.44.0
17-Jun-2019 09:33:18.663 信息 [main] org.apache.catalina.startup.VersionLoggerListener.log OS Name:               Windows 10
17-Jun-2019 09:33:18.663 信息 [main] org.apache.catalina.startup.VersionLoggerListener.log OS Version:            10.0
17-Jun-2019 09:33:18.663 信息 [main] org.apache.catalina.startup.VersionLoggerListener.log Architecture:          amd64
17-Jun-2019 09:33:18.663 信息 [main] org.apache.catalina.startup.VersionLoggerListener.log Java Home:             D:\Tools\Java\jdk1.8.0_111\jre
17-Jun-2019 09:33:18.664 信息 [main] org.apache.catalina.startup.VersionLoggerListener.log JVM Version:           1.8.0_111-b14
17-Jun-2019 09:33:18.664 信息 [main] org.apache.catalina.startup.VersionLoggerListener.log JVM Vendor:            Oracle Corporation
17-Jun-2019 09:33:18.664 信息 [main] org.apache.catalina.startup.VersionLoggerListener.log CATALINA_BASE:         D:\Tools\apache-tomcat-8.0.44
17-Jun-2019 09:33:18.664 信息 [main] org.apache.catalina.startup.VersionLoggerListener.log CATALINA_HOME:         D:\Tools\apache-tomcat-8.0.44
17-Jun-2019 09:33:18.664 信息 [main] org.apache.catalina.startup.VersionLoggerListener.log Command line argument: -Djava.util.logging.config.file=D:\Tools\apache-tomcat-8.0.44\conf\logging.properties
17-Jun-2019 09:33:18.665 信息 [main] org.apache.catalina.startup.VersionLoggerListener.log Command line argument: -Djava.util.logging.manager=org.apache.juli.ClassLoaderLogManager
17-Jun-2019 09:33:18.665 信息 [main] org.apache.catalina.startup.VersionLoggerListener.log Command line argument: -Djdk.tls.ephemeralDHKeySize=2048
17-Jun-2019 09:33:18.665 信息 [main] org.apache.catalina.startup.VersionLoggerListener.log Command line argument: -Djava.protocol.handler.pkgs=org.apache.catalina.webresources
17-Jun-2019 09:33:18.665 信息 [main] org.apache.catalina.startup.VersionLoggerListener.log Command line argument: -Djava.endorsed.dirs=D:\Tools\apache-tomcat-8.0.44\endorsed
17-Jun-2019 09:33:18.665 信息 [main] org.apache.catalina.startup.VersionLoggerListener.log Command line argument: -Dcatalina.base=D:\Tools\apache-tomcat-8.0.44
17-Jun-2019 09:33:18.666 信息 [main] org.apache.catalina.startup.VersionLoggerListener.log Command line argument: -Dcatalina.home=D:\Tools\apache-tomcat-8.0.44
17-Jun-2019 09:33:18.667 信息 [main] org.apache.catalina.startup.VersionLoggerListener.log Command line argument: -Djava.io.tmpdir=D:\Tools\apache-tomcat-8.0.44\temp
17-Jun-2019 09:33:18.668 信息 [main] org.apache.catalina.core.AprLifecycleListener.lifecycleEvent Loaded APR based Apache Tomcat Native library 1.2.12 using APR version 1.5.2.
17-Jun-2019 09:33:18.668 信息 [main] org.apache.catalina.core.AprLifecycleListener.lifecycleEvent APR capabilities: IPv6 [true], sendfile [true], accept filters [false], random [true].
17-Jun-2019 09:33:19.266 信息 [main] org.apache.catalina.core.AprLifecycleListener.initializeSSL OpenSSL successfully initialized (OpenSSL 1.0.2k  26 Jan 2017)
17-Jun-2019 09:33:19.403 信息 [main] org.apache.coyote.AbstractProtocol.init Initializing ProtocolHandler ["http-apr-8080"]
17-Jun-2019 09:33:19.414 严重 [main] org.apache.coyote.AbstractProtocol.init Failed to initialize end point associated with ProtocolHandler ["http-apr-8080"]
 java.lang.Exception: Socket bind failed: [730048] ?????????×???(Э?é/???????/???)????í??
	at org.apache.tomcat.util.net.AprEndpoint.bind(AprEndpoint.java:471)
	at org.apache.tomcat.util.net.AbstractEndpoint.init(AbstractEndpoint.java:810)
	at org.apache.coyote.AbstractProtocol.init(AbstractProtocol.java:476)
	at org.apache.catalina.connector.Connector.initInternal(Connector.java:960)
	at org.apache.catalina.util.LifecycleBase.init(LifecycleBase.java:102)
	at org.apache.catalina.core.StandardService.initInternal(StandardService.java:568)
	at org.apache.catalina.util.LifecycleBase.init(LifecycleBase.java:102)
	at org.apache.catalina.core.StandardServer.initInternal(StandardServer.java:871)
	at org.apache.catalina.util.LifecycleBase.init(LifecycleBase.java:102)
	at org.apache.catalina.startup.Catalina.load(Catalina.java:581)
	at org.apache.catalina.startup.Catalina.load(Catalina.java:604)
	at sun.reflect.NativeMethodAccessorImpl.invoke0(Native Method)
	at sun.reflect.NativeMethodAccessorImpl.invoke(NativeMethodAccessorImpl.java:62)
	at sun.reflect.DelegatingMethodAccessorImpl.invoke(DelegatingMethodAccessorImpl.java:43)
	at java.lang.reflect.Method.invoke(Method.java:498)
	at org.apache.catalina.startup.Bootstrap.load(Bootstrap.java:310)
	at org.apache.catalina.startup.Bootstrap.main(Bootstrap.java:484)

17-Jun-2019 09:33:19.418 严重 [main] org.apache.catalina.core.StandardService.initInternal Failed to initialize connector [Connector[HTTP/1.1-8080]]
 org.apache.catalina.LifecycleException: Failed to initialize component [Connector[HTTP/1.1-8080]]
	at org.apache.catalina.util.LifecycleBase.init(LifecycleBase.java:107)
	at org.apache.catalina.core.StandardService.initInternal(StandardService.java:568)
	at org.apache.catalina.util.LifecycleBase.init(LifecycleBase.java:102)
	at org.apache.catalina.core.StandardServer.initInternal(StandardServer.java:871)
	at org.apache.catalina.util.LifecycleBase.init(LifecycleBase.java:102)
	at org.apache.catalina.startup.Catalina.load(Catalina.java:581)
	at org.apache.catalina.startup.Catalina.load(Catalina.java:604)
	at sun.reflect.NativeMethodAccessorImpl.invoke0(Native Method)
	at sun.reflect.NativeMethodAccessorImpl.invoke(NativeMethodAccessorImpl.java:62)
	at sun.reflect.DelegatingMethodAccessorImpl.invoke(DelegatingMethodAccessorImpl.java:43)
	at java.lang.reflect.Method.invoke(Method.java:498)
	at org.apache.catalina.startup.Bootstrap.load(Bootstrap.java:310)
	at org.apache.catalina.startup.Bootstrap.main(Bootstrap.java:484)
Caused by: org.apache.catalina.LifecycleException: Protocol handler initialization failed
	at org.apache.catalina.connector.Connector.initInternal(Connector.java:962)
	at org.apache.catalina.util.LifecycleBase.init(LifecycleBase.java:102)
	... 12 more
Caused by: java.lang.Exception: Socket bind failed: [730048] ?????????×???(Э?é/???????/???)????í??
	at org.apache.tomcat.util.net.AprEndpoint.bind(AprEndpoint.java:471)
	at org.apache.tomcat.util.net.AbstractEndpoint.init(AbstractEndpoint.java:810)
	at org.apache.coyote.AbstractProtocol.init(AbstractProtocol.java:476)
	at org.apache.catalina.connector.Connector.initInternal(Connector.java:960)
	... 13 more

17-Jun-2019 09:33:19.426 信息 [main] org.apache.coyote.AbstractProtocol.init Initializing ProtocolHandler ["ajp-apr-8009"]
17-Jun-2019 09:33:19.428 信息 [main] org.apache.catalina.startup.Catalina.load Initialization processed in 1194 ms
17-Jun-2019 09:33:19.465 信息 [main] org.apache.catalina.core.StandardService.startInternal Starting service Catalina
17-Jun-2019 09:33:19.465 信息 [main] org.apache.catalina.core.StandardEngine.startInternal Starting Servlet Engine: Apache Tomcat/8.0.44
17-Jun-2019 09:33:19.486 信息 [localhost-startStop-1] org.apache.catalina.startup.HostConfig.deployDescriptor Deploying configuration descriptor D:\Tools\apache-tomcat-8.0.44\conf\Catalina\localhost\app.xml
17-Jun-2019 09:33:19.544 警告 [localhost-startStop-1] org.apache.catalina.startup.SetContextPropertiesRule.begin [SetContextPropertiesRule]{Context} Setting property 'source' to 'org.eclipse.jst.jee.server:app' did not find a matching property.
17-Jun-2019 09:33:22.118 信息 [localhost-startStop-1] org.apache.jasper.servlet.TldScanner.scanJars At least one JAR was scanned for TLDs yet contained no TLDs. Enable debug logging for this logger for a complete list of JARs that were scanned but no TLDs were found in them. Skipping unneeded JARs during scanning can improve startup time and JSP compilation time.
17-Jun-2019 09:33:25.005 信息 [localhost-startStop-1] org.apache.catalina.util.SessionIdGeneratorBase.createSecureRandom Creation of SecureRandom instance for session ID generation using [SHA1PRNG] took [134] milliseconds.
17-Jun-2019 09:33:26.424 信息 [localhost-startStop-1] org.apache.catalina.startup.HostConfig.deployDescriptor Deployment of configuration descriptor D:\Tools\apache-tomcat-8.0.44\conf\Catalina\localhost\app.xml has finished in 6,938 ms
17-Jun-2019 09:33:26.425 信息 [localhost-startStop-1] org.apache.catalina.startup.HostConfig.deployDirectory Deploying web application directory D:\Tools\apache-tomcat-8.0.44\webapps\docs
17-Jun-2019 09:33:26.455 信息 [localhost-startStop-1] org.apache.catalina.startup.HostConfig.deployDirectory Deployment of web application directory D:\Tools\apache-tomcat-8.0.44\webapps\docs has finished in 30 ms
17-Jun-2019 09:33:26.456 信息 [localhost-startStop-1] org.apache.catalina.startup.HostConfig.deployDirectory Deploying web application directory D:\Tools\apache-tomcat-8.0.44\webapps\examples
17-Jun-2019 09:33:26.774 信息 [localhost-startStop-1] org.apache.catalina.startup.HostConfig.deployDirectory Deployment of web application directory D:\Tools\apache-tomcat-8.0.44\webapps\examples has finished in 318 ms
17-Jun-2019 09:33:26.774 信息 [localhost-startStop-1] org.apache.catalina.startup.HostConfig.deployDirectory Deploying web application directory D:\Tools\apache-tomcat-8.0.44\webapps\host-manager
17-Jun-2019 09:33:26.820 信息 [localhost-startStop-1] org.apache.catalina.startup.HostConfig.deployDirectory Deployment of web application directory D:\Tools\apache-tomcat-8.0.44\webapps\host-manager has finished in 46 ms
17-Jun-2019 09:33:26.820 信息 [localhost-startStop-1] org.apache.catalina.startup.HostConfig.deployDirectory Deploying web application directory D:\Tools\apache-tomcat-8.0.44\webapps\manager
17-Jun-2019 09:33:26.855 信息 [localhost-startStop-1] org.apache.catalina.startup.HostConfig.deployDirectory Deployment of web application directory D:\Tools\apache-tomcat-8.0.44\webapps\manager has finished in 35 ms
17-Jun-2019 09:33:26.857 信息 [localhost-startStop-1] org.apache.catalina.startup.HostConfig.deployDirectory Deploying web application directory D:\Tools\apache-tomcat-8.0.44\webapps\ROOT
17-Jun-2019 09:33:26.885 信息 [localhost-startStop-1] org.apache.catalina.startup.HostConfig.deployDirectory Deployment of web application directory D:\Tools\apache-tomcat-8.0.44\webapps\ROOT has finished in 28 ms
17-Jun-2019 09:33:26.893 信息 [main] org.apache.coyote.AbstractProtocol.start Starting ProtocolHandler ["ajp-apr-8009"]
17-Jun-2019 09:33:26.942 信息 [main] org.apache.catalina.startup.Catalina.start Server startup in 7513 ms
17-Jun-2019 09:35:16.454 信息 [main] org.apache.catalina.startup.VersionLoggerListener.log Server version:        Apache Tomcat/8.0.44
17-Jun-2019 09:35:16.472 信息 [main] org.apache.catalina.startup.VersionLoggerListener.log Server built:          May 10 2017 17:21:09 UTC
17-Jun-2019 09:35:16.472 信息 [main] org.apache.catalina.startup.VersionLoggerListener.log Server number:         8.0.44.0
17-Jun-2019 09:35:16.472 信息 [main] org.apache.catalina.startup.VersionLoggerListener.log OS Name:               Windows 10
17-Jun-2019 09:35:16.473 信息 [main] org.apache.catalina.startup.VersionLoggerListener.log OS Version:            10.0
17-Jun-2019 09:35:16.473 信息 [main] org.apache.catalina.startup.VersionLoggerListener.log Architecture:          amd64
17-Jun-2019 09:35:16.473 信息 [main] org.apache.catalina.startup.VersionLoggerListener.log Java Home:             D:\Tools\Java\jdk1.8.0_111\jre
17-Jun-2019 09:35:16.473 信息 [main] org.apache.catalina.startup.VersionLoggerListener.log JVM Version:           1.8.0_111-b14
17-Jun-2019 09:35:16.473 信息 [main] org.apache.catalina.startup.VersionLoggerListener.log JVM Vendor:            Oracle Corporation
17-Jun-2019 09:35:16.474 信息 [main] org.apache.catalina.startup.VersionLoggerListener.log CATALINA_BASE:         D:\Tools\apache-tomcat-8.0.44
17-Jun-2019 09:35:16.474 信息 [main] org.apache.catalina.startup.VersionLoggerListener.log CATALINA_HOME:         D:\Tools\apache-tomcat-8.0.44
17-Jun-2019 09:35:16.474 信息 [main] org.apache.catalina.startup.VersionLoggerListener.log Command line argument: -Djava.util.logging.config.file=D:\Tools\apache-tomcat-8.0.44\conf\logging.properties
17-Jun-2019 09:35:16.475 信息 [main] org.apache.catalina.startup.VersionLoggerListener.log Command line argument: -Djava.util.logging.manager=org.apache.juli.ClassLoaderLogManager
17-Jun-2019 09:35:16.475 信息 [main] org.apache.catalina.startup.VersionLoggerListener.log Command line argument: -Djdk.tls.ephemeralDHKeySize=2048
17-Jun-2019 09:35:16.475 信息 [main] org.apache.catalina.startup.VersionLoggerListener.log Command line argument: -Djava.protocol.handler.pkgs=org.apache.catalina.webresources
17-Jun-2019 09:35:16.475 信息 [main] org.apache.catalina.startup.VersionLoggerListener.log Command line argument: -Djava.endorsed.dirs=D:\Tools\apache-tomcat-8.0.44\endorsed
17-Jun-2019 09:35:16.475 信息 [main] org.apache.catalina.startup.VersionLoggerListener.log Command line argument: -Dcatalina.base=D:\Tools\apache-tomcat-8.0.44
17-Jun-2019 09:35:16.476 信息 [main] org.apache.catalina.startup.VersionLoggerListener.log Command line argument: -Dcatalina.home=D:\Tools\apache-tomcat-8.0.44
17-Jun-2019 09:35:16.477 信息 [main] org.apache.catalina.startup.VersionLoggerListener.log Command line argument: -Djava.io.tmpdir=D:\Tools\apache-tomcat-8.0.44\temp
17-Jun-2019 09:35:16.479 信息 [main] org.apache.catalina.core.AprLifecycleListener.lifecycleEvent Loaded APR based Apache Tomcat Native library 1.2.12 using APR version 1.5.2.
17-Jun-2019 09:35:16.480 信息 [main] org.apache.catalina.core.AprLifecycleListener.lifecycleEvent APR capabilities: IPv6 [true], sendfile [true], accept filters [false], random [true].
17-Jun-2019 09:35:17.553 信息 [main] org.apache.catalina.core.AprLifecycleListener.initializeSSL OpenSSL successfully initialized (OpenSSL 1.0.2k  26 Jan 2017)
17-Jun-2019 09:35:17.900 信息 [main] org.apache.coyote.AbstractProtocol.init Initializing ProtocolHandler ["http-apr-8080"]
17-Jun-2019 09:35:17.942 严重 [main] org.apache.coyote.AbstractProtocol.init Failed to initialize end point associated with ProtocolHandler ["http-apr-8080"]
 java.lang.Exception: Socket bind failed: [730048] ?????????×???(Э?é/???????/???)????í??
	at org.apache.tomcat.util.net.AprEndpoint.bind(AprEndpoint.java:471)
	at org.apache.tomcat.util.net.AbstractEndpoint.init(AbstractEndpoint.java:810)
	at org.apache.coyote.AbstractProtocol.init(AbstractProtocol.java:476)
	at org.apache.catalina.connector.Connector.initInternal(Connector.java:960)
	at org.apache.catalina.util.LifecycleBase.init(LifecycleBase.java:102)
	at org.apache.catalina.core.StandardService.initInternal(StandardService.java:568)
	at org.apache.catalina.util.LifecycleBase.init(LifecycleBase.java:102)
	at org.apache.catalina.core.StandardServer.initInternal(StandardServer.java:871)
	at org.apache.catalina.util.LifecycleBase.init(LifecycleBase.java:102)
	at org.apache.catalina.startup.Catalina.load(Catalina.java:581)
	at org.apache.catalina.startup.Catalina.load(Catalina.java:604)
	at sun.reflect.NativeMethodAccessorImpl.invoke0(Native Method)
	at sun.reflect.NativeMethodAccessorImpl.invoke(NativeMethodAccessorImpl.java:62)
	at sun.reflect.DelegatingMethodAccessorImpl.invoke(DelegatingMethodAccessorImpl.java:43)
	at java.lang.reflect.Method.invoke(Method.java:498)
	at org.apache.catalina.startup.Bootstrap.load(Bootstrap.java:310)
	at org.apache.catalina.startup.Bootstrap.main(Bootstrap.java:484)

17-Jun-2019 09:35:17.957 严重 [main] org.apache.catalina.core.StandardService.initInternal Failed to initialize connector [Connector[HTTP/1.1-8080]]
 org.apache.catalina.LifecycleException: Failed to initialize component [Connector[HTTP/1.1-8080]]
	at org.apache.catalina.util.LifecycleBase.init(LifecycleBase.java:107)
	at org.apache.catalina.core.StandardService.initInternal(StandardService.java:568)
	at org.apache.catalina.util.LifecycleBase.init(LifecycleBase.java:102)
	at org.apache.catalina.core.StandardServer.initInternal(StandardServer.java:871)
	at org.apache.catalina.util.LifecycleBase.init(LifecycleBase.java:102)
	at org.apache.catalina.startup.Catalina.load(Catalina.java:581)
	at org.apache.catalina.startup.Catalina.load(Catalina.java:604)
	at sun.reflect.NativeMethodAccessorImpl.invoke0(Native Method)
	at sun.reflect.NativeMethodAccessorImpl.invoke(NativeMethodAccessorImpl.java:62)
	at sun.reflect.DelegatingMethodAccessorImpl.invoke(DelegatingMethodAccessorImpl.java:43)
	at java.lang.reflect.Method.invoke(Method.java:498)
	at org.apache.catalina.startup.Bootstrap.load(Bootstrap.java:310)
	at org.apache.catalina.startup.Bootstrap.main(Bootstrap.java:484)
Caused by: org.apache.catalina.LifecycleException: Protocol handler initialization failed
	at org.apache.catalina.connector.Connector.initInternal(Connector.java:962)
	at org.apache.catalina.util.LifecycleBase.init(LifecycleBase.java:102)
	... 12 more
Caused by: java.lang.Exception: Socket bind failed: [730048] ?????????×???(Э?é/???????/???)????í??
	at org.apache.tomcat.util.net.AprEndpoint.bind(AprEndpoint.java:471)
	at org.apache.tomcat.util.net.AbstractEndpoint.init(AbstractEndpoint.java:810)
	at org.apache.coyote.AbstractProtocol.init(AbstractProtocol.java:476)
	at org.apache.catalina.connector.Connector.initInternal(Connector.java:960)
	... 13 more

17-Jun-2019 09:35:17.971 信息 [main] org.apache.coyote.AbstractProtocol.init Initializing ProtocolHandler ["ajp-apr-8009"]
17-Jun-2019 09:35:17.976 信息 [main] org.apache.catalina.startup.Catalina.load Initialization processed in 2673 ms
17-Jun-2019 09:35:18.122 信息 [main] org.apache.catalina.core.StandardService.startInternal Starting service Catalina
17-Jun-2019 09:35:18.122 信息 [main] org.apache.catalina.core.StandardEngine.startInternal Starting Servlet Engine: Apache Tomcat/8.0.44
17-Jun-2019 09:35:18.207 信息 [localhost-startStop-1] org.apache.catalina.startup.HostConfig.deployDescriptor Deploying configuration descriptor D:\Tools\apache-tomcat-8.0.44\conf\Catalina\localhost\app.xml
17-Jun-2019 09:35:18.325 警告 [localhost-startStop-1] org.apache.catalina.startup.SetContextPropertiesRule.begin [SetContextPropertiesRule]{Context} Setting property 'source' to 'org.eclipse.jst.jee.server:app' did not find a matching property.
17-Jun-2019 09:35:18.419 严重 [localhost-startStop-1] org.apache.catalina.core.ContainerBase.addChildInternal ContainerBase.addChild: start: 
 org.apache.catalina.LifecycleException: Failed to start component [StandardEngine[Catalina].StandardHost[localhost].StandardContext[/app]]
	at org.apache.catalina.util.LifecycleBase.start(LifecycleBase.java:162)
	at org.apache.catalina.core.ContainerBase.addChildInternal(ContainerBase.java:753)
	at org.apache.catalina.core.ContainerBase.addChild(ContainerBase.java:729)
	at org.apache.catalina.core.StandardHost.addChild(StandardHost.java:717)
	at org.apache.catalina.startup.HostConfig.deployDescriptor(HostConfig.java:587)
	at org.apache.catalina.startup.HostConfig$DeployDescriptor.run(HostConfig.java:1798)
	at java.util.concurrent.Executors$RunnableAdapter.call(Executors.java:511)
	at java.util.concurrent.FutureTask.run(FutureTask.java:266)
	at java.util.concurrent.ThreadPoolExecutor.runWorker(ThreadPoolExecutor.java:1142)
	at java.util.concurrent.ThreadPoolExecutor$Worker.run(ThreadPoolExecutor.java:617)
	at java.lang.Thread.run(Thread.java:745)
Caused by: org.apache.catalina.LifecycleException: Failed to start component [org.apache.catalina.webresources.StandardRoot@190c3763]
	at org.apache.catalina.util.LifecycleBase.start(LifecycleBase.java:162)
	at org.apache.catalina.core.StandardContext.resourcesStart(StandardContext.java:4969)
	at org.apache.catalina.core.StandardContext.startInternal(StandardContext.java:5099)
	at org.apache.catalina.util.LifecycleBase.start(LifecycleBase.java:145)
	... 10 more
Caused by: java.lang.IllegalArgumentException: The main resource set specified [D:\Tools\apache-tomcat-8.0.44\wtpwebapps\app] is not valid
	at org.apache.catalina.webresources.StandardRoot.createMainResourceSet(StandardRoot.java:731)
	at org.apache.catalina.webresources.StandardRoot.startInternal(StandardRoot.java:689)
	at org.apache.catalina.util.LifecycleBase.start(LifecycleBase.java:145)
	... 13 more

17-Jun-2019 09:35:18.420 严重 [localhost-startStop-1] org.apache.catalina.startup.HostConfig.deployDescriptor Error deploying configuration descriptor D:\Tools\apache-tomcat-8.0.44\conf\Catalina\localhost\app.xml
 java.lang.IllegalStateException: ContainerBase.addChild: start: org.apache.catalina.LifecycleException: Failed to start component [StandardEngine[Catalina].StandardHost[localhost].StandardContext[/app]]
	at org.apache.catalina.core.ContainerBase.addChildInternal(ContainerBase.java:757)
	at org.apache.catalina.core.ContainerBase.addChild(ContainerBase.java:729)
	at org.apache.catalina.core.StandardHost.addChild(StandardHost.java:717)
	at org.apache.catalina.startup.HostConfig.deployDescriptor(HostConfig.java:587)
	at org.apache.catalina.startup.HostConfig$DeployDescriptor.run(HostConfig.java:1798)
	at java.util.concurrent.Executors$RunnableAdapter.call(Executors.java:511)
	at java.util.concurrent.FutureTask.run(FutureTask.java:266)
	at java.util.concurrent.ThreadPoolExecutor.runWorker(ThreadPoolExecutor.java:1142)
	at java.util.concurrent.ThreadPoolExecutor$Worker.run(ThreadPoolExecutor.java:617)
	at java.lang.Thread.run(Thread.java:745)

17-Jun-2019 09:35:18.446 信息 [localhost-startStop-1] org.apache.catalina.startup.HostConfig.deployDescriptor Deployment of configuration descriptor D:\Tools\apache-tomcat-8.0.44\conf\Catalina\localhost\app.xml has finished in 237 ms
17-Jun-2019 09:35:18.448 信息 [localhost-startStop-1] org.apache.catalina.startup.HostConfig.deployDirectory Deploying web application directory D:\Tools\apache-tomcat-8.0.44\webapps\docs
17-Jun-2019 09:35:19.252 信息 [localhost-startStop-1] org.apache.catalina.util.SessionIdGeneratorBase.createSecureRandom Creation of SecureRandom instance for session ID generation using [SHA1PRNG] took [130] milliseconds.
17-Jun-2019 09:35:19.308 信息 [localhost-startStop-1] org.apache.catalina.startup.HostConfig.deployDirectory Deployment of web application directory D:\Tools\apache-tomcat-8.0.44\webapps\docs has finished in 860 ms
17-Jun-2019 09:35:19.309 信息 [localhost-startStop-1] org.apache.catalina.startup.HostConfig.deployDirectory Deploying web application directory D:\Tools\apache-tomcat-8.0.44\webapps\examples
17-Jun-2019 09:35:20.301 信息 [localhost-startStop-1] org.apache.catalina.startup.HostConfig.deployDirectory Deployment of web application directory D:\Tools\apache-tomcat-8.0.44\webapps\examples has finished in 993 ms
17-Jun-2019 09:35:20.301 信息 [localhost-startStop-1] org.apache.catalina.startup.HostConfig.deployDirectory Deploying web application directory D:\Tools\apache-tomcat-8.0.44\webapps\host-manager
17-Jun-2019 09:35:20.376 信息 [localhost-startStop-1] org.apache.catalina.startup.HostConfig.deployDirectory Deployment of web application directory D:\Tools\apache-tomcat-8.0.44\webapps\host-manager has finished in 75 ms
17-Jun-2019 09:35:20.397 信息 [localhost-startStop-1] org.apache.catalina.startup.HostConfig.deployDirectory Deploying web application directory D:\Tools\apache-tomcat-8.0.44\webapps\manager
17-Jun-2019 09:35:20.589 信息 [localhost-startStop-1] org.apache.catalina.startup.HostConfig.deployDirectory Deployment of web application directory D:\Tools\apache-tomcat-8.0.44\webapps\manager has finished in 187 ms
17-Jun-2019 09:35:20.599 信息 [localhost-startStop-1] org.apache.catalina.startup.HostConfig.deployDirectory Deploying web application directory D:\Tools\apache-tomcat-8.0.44\webapps\ROOT
17-Jun-2019 09:35:20.647 信息 [localhost-startStop-1] org.apache.catalina.startup.HostConfig.deployDirectory Deployment of web application directory D:\Tools\apache-tomcat-8.0.44\webapps\ROOT has finished in 49 ms
17-Jun-2019 09:35:20.673 信息 [main] org.apache.coyote.AbstractProtocol.start Starting ProtocolHandler ["ajp-apr-8009"]
17-Jun-2019 09:35:20.696 信息 [main] org.apache.catalina.startup.Catalina.start Server startup in 2715 ms
17-Jun-2019 09:36:54.389 信息 [main] org.apache.catalina.startup.VersionLoggerListener.log Server version:        Apache Tomcat/8.0.44
17-Jun-2019 09:36:54.395 信息 [main] org.apache.catalina.startup.VersionLoggerListener.log Server built:          May 10 2017 17:21:09 UTC
17-Jun-2019 09:36:54.395 信息 [main] org.apache.catalina.startup.VersionLoggerListener.log Server number:         8.0.44.0
17-Jun-2019 09:36:54.395 信息 [main] org.apache.catalina.startup.VersionLoggerListener.log OS Name:               Windows 10
17-Jun-2019 09:36:54.396 信息 [main] org.apache.catalina.startup.VersionLoggerListener.log OS Version:            10.0
17-Jun-2019 09:36:54.396 信息 [main] org.apache.catalina.startup.VersionLoggerListener.log Architecture:          amd64
17-Jun-2019 09:36:54.396 信息 [main] org.apache.catalina.startup.VersionLoggerListener.log Java Home:             D:\Tools\Java\jdk1.8.0_111\jre
17-Jun-2019 09:36:54.396 信息 [main] org.apache.catalina.startup.VersionLoggerListener.log JVM Version:           1.8.0_111-b14
17-Jun-2019 09:36:54.396 信息 [main] org.apache.catalina.startup.VersionLoggerListener.log JVM Vendor:            Oracle Corporation
17-Jun-2019 09:36:54.396 信息 [main] org.apache.catalina.startup.VersionLoggerListener.log CATALINA_BASE:         D:\Tools\apache-tomcat-8.0.44
17-Jun-2019 09:36:54.397 信息 [main] org.apache.catalina.startup.VersionLoggerListener.log CATALINA_HOME:         D:\Tools\apache-tomcat-8.0.44
17-Jun-2019 09:36:54.397 信息 [main] org.apache.catalina.startup.VersionLoggerListener.log Command line argument: -Djava.util.logging.config.file=D:\Tools\apache-tomcat-8.0.44\conf\logging.properties
17-Jun-2019 09:36:54.397 信息 [main] org.apache.catalina.startup.VersionLoggerListener.log Command line argument: -Djava.util.logging.manager=org.apache.juli.ClassLoaderLogManager
17-Jun-2019 09:36:54.397 信息 [main] org.apache.catalina.startup.VersionLoggerListener.log Command line argument: -Djdk.tls.ephemeralDHKeySize=2048
17-Jun-2019 09:36:54.398 信息 [main] org.apache.catalina.startup.VersionLoggerListener.log Command line argument: -Djava.protocol.handler.pkgs=org.apache.catalina.webresources
17-Jun-2019 09:36:54.398 信息 [main] org.apache.catalina.startup.VersionLoggerListener.log Command line argument: -Djava.endorsed.dirs=D:\Tools\apache-tomcat-8.0.44\endorsed
17-Jun-2019 09:36:54.398 信息 [main] org.apache.catalina.startup.VersionLoggerListener.log Command line argument: -Dcatalina.base=D:\Tools\apache-tomcat-8.0.44
17-Jun-2019 09:36:54.399 信息 [main] org.apache.catalina.startup.VersionLoggerListener.log Command line argument: -Dcatalina.home=D:\Tools\apache-tomcat-8.0.44
17-Jun-2019 09:36:54.400 信息 [main] org.apache.catalina.startup.VersionLoggerListener.log Command line argument: -Djava.io.tmpdir=D:\Tools\apache-tomcat-8.0.44\temp
17-Jun-2019 09:36:54.401 信息 [main] org.apache.catalina.core.AprLifecycleListener.lifecycleEvent Loaded APR based Apache Tomcat Native library 1.2.12 using APR version 1.5.2.
17-Jun-2019 09:36:54.402 信息 [main] org.apache.catalina.core.AprLifecycleListener.lifecycleEvent APR capabilities: IPv6 [true], sendfile [true], accept filters [false], random [true].
17-Jun-2019 09:36:55.121 信息 [main] org.apache.catalina.core.AprLifecycleListener.initializeSSL OpenSSL successfully initialized (OpenSSL 1.0.2k  26 Jan 2017)
17-Jun-2019 09:36:55.280 信息 [main] org.apache.coyote.AbstractProtocol.init Initializing ProtocolHandler ["http-apr-8080"]
17-Jun-2019 09:36:55.294 严重 [main] org.apache.coyote.AbstractProtocol.init Failed to initialize end point associated with ProtocolHandler ["http-apr-8080"]
 java.lang.Exception: Socket bind failed: [730048] ?????????×???(Э?é/???????/???)????í??
	at org.apache.tomcat.util.net.AprEndpoint.bind(AprEndpoint.java:471)
	at org.apache.tomcat.util.net.AbstractEndpoint.init(AbstractEndpoint.java:810)
	at org.apache.coyote.AbstractProtocol.init(AbstractProtocol.java:476)
	at org.apache.catalina.connector.Connector.initInternal(Connector.java:960)
	at org.apache.catalina.util.LifecycleBase.init(LifecycleBase.java:102)
	at org.apache.catalina.core.StandardService.initInternal(StandardService.java:568)
	at org.apache.catalina.util.LifecycleBase.init(LifecycleBase.java:102)
	at org.apache.catalina.core.StandardServer.initInternal(StandardServer.java:871)
	at org.apache.catalina.util.LifecycleBase.init(LifecycleBase.java:102)
	at org.apache.catalina.startup.Catalina.load(Catalina.java:581)
	at org.apache.catalina.startup.Catalina.load(Catalina.java:604)
	at sun.reflect.NativeMethodAccessorImpl.invoke0(Native Method)
	at sun.reflect.NativeMethodAccessorImpl.invoke(NativeMethodAccessorImpl.java:62)
	at sun.reflect.DelegatingMethodAccessorImpl.invoke(DelegatingMethodAccessorImpl.java:43)
	at java.lang.reflect.Method.invoke(Method.java:498)
	at org.apache.catalina.startup.Bootstrap.load(Bootstrap.java:310)
	at org.apache.catalina.startup.Bootstrap.main(Bootstrap.java:484)

17-Jun-2019 09:36:55.296 严重 [main] org.apache.catalina.core.StandardService.initInternal Failed to initialize connector [Connector[HTTP/1.1-8080]]
 org.apache.catalina.LifecycleException: Failed to initialize component [Connector[HTTP/1.1-8080]]
	at org.apache.catalina.util.LifecycleBase.init(LifecycleBase.java:107)
	at org.apache.catalina.core.StandardService.initInternal(StandardService.java:568)
	at org.apache.catalina.util.LifecycleBase.init(LifecycleBase.java:102)
	at org.apache.catalina.core.StandardServer.initInternal(StandardServer.java:871)
	at org.apache.catalina.util.LifecycleBase.init(LifecycleBase.java:102)
	at org.apache.catalina.startup.Catalina.load(Catalina.java:581)
	at org.apache.catalina.startup.Catalina.load(Catalina.java:604)
	at sun.reflect.NativeMethodAccessorImpl.invoke0(Native Method)
	at sun.reflect.NativeMethodAccessorImpl.invoke(NativeMethodAccessorImpl.java:62)
	at sun.reflect.DelegatingMethodAccessorImpl.invoke(DelegatingMethodAccessorImpl.java:43)
	at java.lang.reflect.Method.invoke(Method.java:498)
	at org.apache.catalina.startup.Bootstrap.load(Bootstrap.java:310)
	at org.apache.catalina.startup.Bootstrap.main(Bootstrap.java:484)
Caused by: org.apache.catalina.LifecycleException: Protocol handler initialization failed
	at org.apache.catalina.connector.Connector.initInternal(Connector.java:962)
	at org.apache.catalina.util.LifecycleBase.init(LifecycleBase.java:102)
	... 12 more
Caused by: java.lang.Exception: Socket bind failed: [730048] ?????????×???(Э?é/???????/???)????í??
	at org.apache.tomcat.util.net.AprEndpoint.bind(AprEndpoint.java:471)
	at org.apache.tomcat.util.net.AbstractEndpoint.init(AbstractEndpoint.java:810)
	at org.apache.coyote.AbstractProtocol.init(AbstractProtocol.java:476)
	at org.apache.catalina.connector.Connector.initInternal(Connector.java:960)
	... 13 more

17-Jun-2019 09:36:55.298 信息 [main] org.apache.coyote.AbstractProtocol.init Initializing ProtocolHandler ["ajp-apr-8009"]
17-Jun-2019 09:36:55.301 信息 [main] org.apache.catalina.startup.Catalina.load Initialization processed in 1456 ms
17-Jun-2019 09:36:55.356 信息 [main] org.apache.catalina.core.StandardService.startInternal Starting service Catalina
17-Jun-2019 09:36:55.356 信息 [main] org.apache.catalina.core.StandardEngine.startInternal Starting Servlet Engine: Apache Tomcat/8.0.44
17-Jun-2019 09:36:55.373 信息 [localhost-startStop-1] org.apache.catalina.startup.HostConfig.deployDescriptor Deploying configuration descriptor D:\Tools\apache-tomcat-8.0.44\conf\Catalina\localhost\app.xml
17-Jun-2019 09:36:55.421 警告 [localhost-startStop-1] org.apache.catalina.startup.SetContextPropertiesRule.begin [SetContextPropertiesRule]{Context} Setting property 'source' to 'org.eclipse.jst.jee.server:app' did not find a matching property.
17-Jun-2019 09:36:55.462 严重 [localhost-startStop-1] org.apache.catalina.core.ContainerBase.addChildInternal ContainerBase.addChild: start: 
 org.apache.catalina.LifecycleException: Failed to start component [StandardEngine[Catalina].StandardHost[localhost].StandardContext[/app]]
	at org.apache.catalina.util.LifecycleBase.start(LifecycleBase.java:162)
	at org.apache.catalina.core.ContainerBase.addChildInternal(ContainerBase.java:753)
	at org.apache.catalina.core.ContainerBase.addChild(ContainerBase.java:729)
	at org.apache.catalina.core.StandardHost.addChild(StandardHost.java:717)
	at org.apache.catalina.startup.HostConfig.deployDescriptor(HostConfig.java:587)
	at org.apache.catalina.startup.HostConfig$DeployDescriptor.run(HostConfig.java:1798)
	at java.util.concurrent.Executors$RunnableAdapter.call(Executors.java:511)
	at java.util.concurrent.FutureTask.run(FutureTask.java:266)
	at java.util.concurrent.ThreadPoolExecutor.runWorker(ThreadPoolExecutor.java:1142)
	at java.util.concurrent.ThreadPoolExecutor$Worker.run(ThreadPoolExecutor.java:617)
	at java.lang.Thread.run(Thread.java:745)
Caused by: org.apache.catalina.LifecycleException: Failed to start component [org.apache.catalina.webresources.StandardRoot@df0d03e]
	at org.apache.catalina.util.LifecycleBase.start(LifecycleBase.java:162)
	at org.apache.catalina.core.StandardContext.resourcesStart(StandardContext.java:4969)
	at org.apache.catalina.core.StandardContext.startInternal(StandardContext.java:5099)
	at org.apache.catalina.util.LifecycleBase.start(LifecycleBase.java:145)
	... 10 more
Caused by: java.lang.IllegalArgumentException: The main resource set specified [D:\Tools\apache-tomcat-8.0.44\wtpwebapps\app] is not valid
	at org.apache.catalina.webresources.StandardRoot.createMainResourceSet(StandardRoot.java:731)
	at org.apache.catalina.webresources.StandardRoot.startInternal(StandardRoot.java:689)
	at org.apache.catalina.util.LifecycleBase.start(LifecycleBase.java:145)
	... 13 more

17-Jun-2019 09:36:55.466 严重 [localhost-startStop-1] org.apache.catalina.startup.HostConfig.deployDescriptor Error deploying configuration descriptor D:\Tools\apache-tomcat-8.0.44\conf\Catalina\localhost\app.xml
 java.lang.IllegalStateException: ContainerBase.addChild: start: org.apache.catalina.LifecycleException: Failed to start component [StandardEngine[Catalina].StandardHost[localhost].StandardContext[/app]]
	at org.apache.catalina.core.ContainerBase.addChildInternal(ContainerBase.java:757)
	at org.apache.catalina.core.ContainerBase.addChild(ContainerBase.java:729)
	at org.apache.catalina.core.StandardHost.addChild(StandardHost.java:717)
	at org.apache.catalina.startup.HostConfig.deployDescriptor(HostConfig.java:587)
	at org.apache.catalina.startup.HostConfig$DeployDescriptor.run(HostConfig.java:1798)
	at java.util.concurrent.Executors$RunnableAdapter.call(Executors.java:511)
	at java.util.concurrent.FutureTask.run(FutureTask.java:266)
	at java.util.concurrent.ThreadPoolExecutor.runWorker(ThreadPoolExecutor.java:1142)
	at java.util.concurrent.ThreadPoolExecutor$Worker.run(ThreadPoolExecutor.java:617)
	at java.lang.Thread.run(Thread.java:745)

17-Jun-2019 09:36:55.474 信息 [localhost-startStop-1] org.apache.catalina.startup.HostConfig.deployDescriptor Deployment of configuration descriptor D:\Tools\apache-tomcat-8.0.44\conf\Catalina\localhost\app.xml has finished in 100 ms
17-Jun-2019 09:36:55.476 信息 [localhost-startStop-1] org.apache.catalina.startup.HostConfig.deployDirectory Deploying web application directory D:\Tools\apache-tomcat-8.0.44\webapps\docs
17-Jun-2019 09:36:55.878 信息 [localhost-startStop-1] org.apache.catalina.startup.HostConfig.deployDirectory Deployment of web application directory D:\Tools\apache-tomcat-8.0.44\webapps\docs has finished in 402 ms
17-Jun-2019 09:36:55.879 信息 [localhost-startStop-1] org.apache.catalina.startup.HostConfig.deployDirectory Deploying web application directory D:\Tools\apache-tomcat-8.0.44\webapps\examples
17-Jun-2019 09:36:56.352 信息 [localhost-startStop-1] org.apache.catalina.startup.HostConfig.deployDirectory Deployment of web application directory D:\Tools\apache-tomcat-8.0.44\webapps\examples has finished in 474 ms
17-Jun-2019 09:36:56.353 信息 [localhost-startStop-1] org.apache.catalina.startup.HostConfig.deployDirectory Deploying web application directory D:\Tools\apache-tomcat-8.0.44\webapps\host-manager
17-Jun-2019 09:36:56.405 信息 [localhost-startStop-1] org.apache.catalina.startup.HostConfig.deployDirectory Deployment of web application directory D:\Tools\apache-tomcat-8.0.44\webapps\host-manager has finished in 53 ms
17-Jun-2019 09:36:56.406 信息 [localhost-startStop-1] org.apache.catalina.startup.HostConfig.deployDirectory Deploying web application directory D:\Tools\apache-tomcat-8.0.44\webapps\manager
17-Jun-2019 09:36:56.456 信息 [localhost-startStop-1] org.apache.catalina.startup.HostConfig.deployDirectory Deployment of web application directory D:\Tools\apache-tomcat-8.0.44\webapps\manager has finished in 51 ms
17-Jun-2019 09:36:56.460 信息 [localhost-startStop-1] org.apache.catalina.startup.HostConfig.deployDirectory Deploying web application directory D:\Tools\apache-tomcat-8.0.44\webapps\ROOT
17-Jun-2019 09:36:56.495 信息 [localhost-startStop-1] org.apache.catalina.startup.HostConfig.deployDirectory Deployment of web application directory D:\Tools\apache-tomcat-8.0.44\webapps\ROOT has finished in 34 ms
17-Jun-2019 09:36:56.500 信息 [main] org.apache.coyote.AbstractProtocol.start Starting ProtocolHandler ["ajp-apr-8009"]
17-Jun-2019 09:36:56.512 信息 [main] org.apache.catalina.startup.Catalina.start Server startup in 1210 ms
17-Jun-2019 09:38:02.191 信息 [main] org.apache.catalina.startup.VersionLoggerListener.log Server version:        Apache Tomcat/8.0.44
17-Jun-2019 09:38:02.197 信息 [main] org.apache.catalina.startup.VersionLoggerListener.log Server built:          May 10 2017 17:21:09 UTC
17-Jun-2019 09:38:02.198 信息 [main] org.apache.catalina.startup.VersionLoggerListener.log Server number:         8.0.44.0
17-Jun-2019 09:38:02.199 信息 [main] org.apache.catalina.startup.VersionLoggerListener.log OS Name:               Windows 10
17-Jun-2019 09:38:02.199 信息 [main] org.apache.catalina.startup.VersionLoggerListener.log OS Version:            10.0
17-Jun-2019 09:38:02.199 信息 [main] org.apache.catalina.startup.VersionLoggerListener.log Architecture:          amd64
17-Jun-2019 09:38:02.199 信息 [main] org.apache.catalina.startup.VersionLoggerListener.log Java Home:             D:\Tools\Java\jdk1.8.0_111\jre
17-Jun-2019 09:38:02.199 信息 [main] org.apache.catalina.startup.VersionLoggerListener.log JVM Version:           1.8.0_111-b14
17-Jun-2019 09:38:02.200 信息 [main] org.apache.catalina.startup.VersionLoggerListener.log JVM Vendor:            Oracle Corporation
17-Jun-2019 09:38:02.200 信息 [main] org.apache.catalina.startup.VersionLoggerListener.log CATALINA_BASE:         D:\Tools\apache-tomcat-8.0.44
17-Jun-2019 09:38:02.200 信息 [main] org.apache.catalina.startup.VersionLoggerListener.log CATALINA_HOME:         D:\Tools\apache-tomcat-8.0.44
17-Jun-2019 09:38:02.200 信息 [main] org.apache.catalina.startup.VersionLoggerListener.log Command line argument: -Djava.util.logging.config.file=D:\Tools\apache-tomcat-8.0.44\conf\logging.properties
17-Jun-2019 09:38:02.200 信息 [main] org.apache.catalina.startup.VersionLoggerListener.log Command line argument: -Djava.util.logging.manager=org.apache.juli.ClassLoaderLogManager
17-Jun-2019 09:38:02.201 信息 [main] org.apache.catalina.startup.VersionLoggerListener.log Command line argument: -Djdk.tls.ephemeralDHKeySize=2048
17-Jun-2019 09:38:02.201 信息 [main] org.apache.catalina.startup.VersionLoggerListener.log Command line argument: -Djava.protocol.handler.pkgs=org.apache.catalina.webresources
17-Jun-2019 09:38:02.201 信息 [main] org.apache.catalina.startup.VersionLoggerListener.log Command line argument: -Djava.endorsed.dirs=D:\Tools\apache-tomcat-8.0.44\endorsed
17-Jun-2019 09:38:02.201 信息 [main] org.apache.catalina.startup.VersionLoggerListener.log Command line argument: -Dcatalina.base=D:\Tools\apache-tomcat-8.0.44
17-Jun-2019 09:38:02.202 信息 [main] org.apache.catalina.startup.VersionLoggerListener.log Command line argument: -Dcatalina.home=D:\Tools\apache-tomcat-8.0.44
17-Jun-2019 09:38:02.202 信息 [main] org.apache.catalina.startup.VersionLoggerListener.log Command line argument: -Djava.io.tmpdir=D:\Tools\apache-tomcat-8.0.44\temp
17-Jun-2019 09:38:02.203 信息 [main] org.apache.catalina.core.AprLifecycleListener.lifecycleEvent Loaded APR based Apache Tomcat Native library 1.2.12 using APR version 1.5.2.
17-Jun-2019 09:38:02.204 信息 [main] org.apache.catalina.core.AprLifecycleListener.lifecycleEvent APR capabilities: IPv6 [true], sendfile [true], accept filters [false], random [true].
17-Jun-2019 09:38:02.974 信息 [main] org.apache.catalina.core.AprLifecycleListener.initializeSSL OpenSSL successfully initialized (OpenSSL 1.0.2k  26 Jan 2017)
17-Jun-2019 09:38:03.152 信息 [main] org.apache.coyote.AbstractProtocol.init Initializing ProtocolHandler ["http-apr-8080"]
17-Jun-2019 09:38:03.179 严重 [main] org.apache.coyote.AbstractProtocol.init Failed to initialize end point associated with ProtocolHandler ["http-apr-8080"]
 java.lang.Exception: Socket bind failed: [730048] ?????????×???(Э?é/???????/???)????í??
	at org.apache.tomcat.util.net.AprEndpoint.bind(AprEndpoint.java:471)
	at org.apache.tomcat.util.net.AbstractEndpoint.init(AbstractEndpoint.java:810)
	at org.apache.coyote.AbstractProtocol.init(AbstractProtocol.java:476)
	at org.apache.catalina.connector.Connector.initInternal(Connector.java:960)
	at org.apache.catalina.util.LifecycleBase.init(LifecycleBase.java:102)
	at org.apache.catalina.core.StandardService.initInternal(StandardService.java:568)
	at org.apache.catalina.util.LifecycleBase.init(LifecycleBase.java:102)
	at org.apache.catalina.core.StandardServer.initInternal(StandardServer.java:871)
	at org.apache.catalina.util.LifecycleBase.init(LifecycleBase.java:102)
	at org.apache.catalina.startup.Catalina.load(Catalina.java:581)
	at org.apache.catalina.startup.Catalina.load(Catalina.java:604)
	at sun.reflect.NativeMethodAccessorImpl.invoke0(Native Method)
	at sun.reflect.NativeMethodAccessorImpl.invoke(NativeMethodAccessorImpl.java:62)
	at sun.reflect.DelegatingMethodAccessorImpl.invoke(DelegatingMethodAccessorImpl.java:43)
	at java.lang.reflect.Method.invoke(Method.java:498)
	at org.apache.catalina.startup.Bootstrap.load(Bootstrap.java:310)
	at org.apache.catalina.startup.Bootstrap.main(Bootstrap.java:484)

17-Jun-2019 09:38:03.182 严重 [main] org.apache.catalina.core.StandardService.initInternal Failed to initialize connector [Connector[HTTP/1.1-8080]]
 org.apache.catalina.LifecycleException: Failed to initialize component [Connector[HTTP/1.1-8080]]
	at org.apache.catalina.util.LifecycleBase.init(LifecycleBase.java:107)
	at org.apache.catalina.core.StandardService.initInternal(StandardService.java:568)
	at org.apache.catalina.util.LifecycleBase.init(LifecycleBase.java:102)
	at org.apache.catalina.core.StandardServer.initInternal(StandardServer.java:871)
	at org.apache.catalina.util.LifecycleBase.init(LifecycleBase.java:102)
	at org.apache.catalina.startup.Catalina.load(Catalina.java:581)
	at org.apache.catalina.startup.Catalina.load(Catalina.java:604)
	at sun.reflect.NativeMethodAccessorImpl.invoke0(Native Method)
	at sun.reflect.NativeMethodAccessorImpl.invoke(NativeMethodAccessorImpl.java:62)
	at sun.reflect.DelegatingMethodAccessorImpl.invoke(DelegatingMethodAccessorImpl.java:43)
	at java.lang.reflect.Method.invoke(Method.java:498)
	at org.apache.catalina.startup.Bootstrap.load(Bootstrap.java:310)
	at org.apache.catalina.startup.Bootstrap.main(Bootstrap.java:484)
Caused by: org.apache.catalina.LifecycleException: Protocol handler initialization failed
	at org.apache.catalina.connector.Connector.initInternal(Connector.java:962)
	at org.apache.catalina.util.LifecycleBase.init(LifecycleBase.java:102)
	... 12 more
Caused by: java.lang.Exception: Socket bind failed: [730048] ?????????×???(Э?é/???????/???)????í??
	at org.apache.tomcat.util.net.AprEndpoint.bind(AprEndpoint.java:471)
	at org.apache.tomcat.util.net.AbstractEndpoint.init(AbstractEndpoint.java:810)
	at org.apache.coyote.AbstractProtocol.init(AbstractProtocol.java:476)
	at org.apache.catalina.connector.Connector.initInternal(Connector.java:960)
	... 13 more

17-Jun-2019 09:38:03.190 信息 [main] org.apache.coyote.AbstractProtocol.init Initializing ProtocolHandler ["ajp-apr-8009"]
17-Jun-2019 09:38:03.192 信息 [main] org.apache.catalina.startup.Catalina.load Initialization processed in 1438 ms
17-Jun-2019 09:38:03.236 信息 [main] org.apache.catalina.core.StandardService.startInternal Starting service Catalina
17-Jun-2019 09:38:03.236 信息 [main] org.apache.catalina.core.StandardEngine.startInternal Starting Servlet Engine: Apache Tomcat/8.0.44
17-Jun-2019 09:38:03.253 信息 [localhost-startStop-1] org.apache.catalina.startup.HostConfig.deployDescriptor Deploying configuration descriptor D:\Tools\apache-tomcat-8.0.44\conf\Catalina\localhost\app.xml
17-Jun-2019 09:38:03.321 警告 [localhost-startStop-1] org.apache.catalina.startup.SetContextPropertiesRule.begin [SetContextPropertiesRule]{Context} Setting property 'source' to 'org.eclipse.jst.jee.server:app' did not find a matching property.
17-Jun-2019 09:38:03.368 严重 [localhost-startStop-1] org.apache.catalina.core.ContainerBase.addChildInternal ContainerBase.addChild: start: 
 org.apache.catalina.LifecycleException: Failed to start component [StandardEngine[Catalina].StandardHost[localhost].StandardContext[/app]]
	at org.apache.catalina.util.LifecycleBase.start(LifecycleBase.java:162)
	at org.apache.catalina.core.ContainerBase.addChildInternal(ContainerBase.java:753)
	at org.apache.catalina.core.ContainerBase.addChild(ContainerBase.java:729)
	at org.apache.catalina.core.StandardHost.addChild(StandardHost.java:717)
	at org.apache.catalina.startup.HostConfig.deployDescriptor(HostConfig.java:587)
	at org.apache.catalina.startup.HostConfig$DeployDescriptor.run(HostConfig.java:1798)
	at java.util.concurrent.Executors$RunnableAdapter.call(Executors.java:511)
	at java.util.concurrent.FutureTask.run(FutureTask.java:266)
	at java.util.concurrent.ThreadPoolExecutor.runWorker(ThreadPoolExecutor.java:1142)
	at java.util.concurrent.ThreadPoolExecutor$Worker.run(ThreadPoolExecutor.java:617)
	at java.lang.Thread.run(Thread.java:745)
Caused by: org.apache.catalina.LifecycleException: Failed to start component [org.apache.catalina.webresources.StandardRoot@df0d03e]
	at org.apache.catalina.util.LifecycleBase.start(LifecycleBase.java:162)
	at org.apache.catalina.core.StandardContext.resourcesStart(StandardContext.java:4969)
	at org.apache.catalina.core.StandardContext.startInternal(StandardContext.java:5099)
	at org.apache.catalina.util.LifecycleBase.start(LifecycleBase.java:145)
	... 10 more
Caused by: java.lang.IllegalArgumentException: The main resource set specified [D:\Tools\apache-tomcat-8.0.44\wtpwebapps\app] is not valid
	at org.apache.catalina.webresources.StandardRoot.createMainResourceSet(StandardRoot.java:731)
	at org.apache.catalina.webresources.StandardRoot.startInternal(StandardRoot.java:689)
	at org.apache.catalina.util.LifecycleBase.start(LifecycleBase.java:145)
	... 13 more

17-Jun-2019 09:38:03.369 严重 [localhost-startStop-1] org.apache.catalina.startup.HostConfig.deployDescriptor Error deploying configuration descriptor D:\Tools\apache-tomcat-8.0.44\conf\Catalina\localhost\app.xml
 java.lang.IllegalStateException: ContainerBase.addChild: start: org.apache.catalina.LifecycleException: Failed to start component [StandardEngine[Catalina].StandardHost[localhost].StandardContext[/app]]
	at org.apache.catalina.core.ContainerBase.addChildInternal(ContainerBase.java:757)
	at org.apache.catalina.core.ContainerBase.addChild(ContainerBase.java:729)
	at org.apache.catalina.core.StandardHost.addChild(StandardHost.java:717)
	at org.apache.catalina.startup.HostConfig.deployDescriptor(HostConfig.java:587)
	at org.apache.catalina.startup.HostConfig$DeployDescriptor.run(HostConfig.java:1798)
	at java.util.concurrent.Executors$RunnableAdapter.call(Executors.java:511)
	at java.util.concurrent.FutureTask.run(FutureTask.java:266)
	at java.util.concurrent.ThreadPoolExecutor.runWorker(ThreadPoolExecutor.java:1142)
	at java.util.concurrent.ThreadPoolExecutor$Worker.run(ThreadPoolExecutor.java:617)
	at java.lang.Thread.run(Thread.java:745)

17-Jun-2019 09:38:03.377 信息 [localhost-startStop-1] org.apache.catalina.startup.HostConfig.deployDescriptor Deployment of configuration descriptor D:\Tools\apache-tomcat-8.0.44\conf\Catalina\localhost\app.xml has finished in 123 ms
17-Jun-2019 09:38:03.378 信息 [localhost-startStop-1] org.apache.catalina.startup.HostConfig.deployDirectory Deploying web application directory D:\Tools\apache-tomcat-8.0.44\webapps\docs
17-Jun-2019 09:38:03.798 信息 [localhost-startStop-1] org.apache.catalina.startup.HostConfig.deployDirectory Deployment of web application directory D:\Tools\apache-tomcat-8.0.44\webapps\docs has finished in 420 ms
17-Jun-2019 09:38:03.799 信息 [localhost-startStop-1] org.apache.catalina.startup.HostConfig.deployDirectory Deploying web application directory D:\Tools\apache-tomcat-8.0.44\webapps\examples
17-Jun-2019 09:38:04.288 信息 [localhost-startStop-1] org.apache.catalina.startup.HostConfig.deployDirectory Deployment of web application directory D:\Tools\apache-tomcat-8.0.44\webapps\examples has finished in 489 ms
17-Jun-2019 09:38:04.289 信息 [localhost-startStop-1] org.apache.catalina.startup.HostConfig.deployDirectory Deploying web application directory D:\Tools\apache-tomcat-8.0.44\webapps\host-manager
17-Jun-2019 09:38:04.375 信息 [localhost-startStop-1] org.apache.catalina.startup.HostConfig.deployDirectory Deployment of web application directory D:\Tools\apache-tomcat-8.0.44\webapps\host-manager has finished in 86 ms
17-Jun-2019 09:38:04.376 信息 [localhost-startStop-1] org.apache.catalina.startup.HostConfig.deployDirectory Deploying web application directory D:\Tools\apache-tomcat-8.0.44\webapps\manager
17-Jun-2019 09:38:04.420 信息 [localhost-startStop-1] org.apache.catalina.startup.HostConfig.deployDirectory Deployment of web application directory D:\Tools\apache-tomcat-8.0.44\webapps\manager has finished in 44 ms
17-Jun-2019 09:38:04.423 信息 [localhost-startStop-1] org.apache.catalina.startup.HostConfig.deployDirectory Deploying web application directory D:\Tools\apache-tomcat-8.0.44\webapps\ROOT
17-Jun-2019 09:38:04.452 信息 [localhost-startStop-1] org.apache.catalina.startup.HostConfig.deployDirectory Deployment of web application directory D:\Tools\apache-tomcat-8.0.44\webapps\ROOT has finished in 29 ms
17-Jun-2019 09:38:04.458 信息 [main] org.apache.coyote.AbstractProtocol.start Starting ProtocolHandler ["ajp-apr-8009"]
17-Jun-2019 09:38:04.475 信息 [main] org.apache.catalina.startup.Catalina.start Server startup in 1281 ms
17-Jun-2019 09:40:15.263 信息 [main] org.apache.catalina.startup.VersionLoggerListener.log Server version:        Apache Tomcat/8.0.44
17-Jun-2019 09:40:15.268 信息 [main] org.apache.catalina.startup.VersionLoggerListener.log Server built:          May 10 2017 17:21:09 UTC
17-Jun-2019 09:40:15.269 信息 [main] org.apache.catalina.startup.VersionLoggerListener.log Server number:         8.0.44.0
17-Jun-2019 09:40:15.269 信息 [main] org.apache.catalina.startup.VersionLoggerListener.log OS Name:               Windows 10
17-Jun-2019 09:40:15.269 信息 [main] org.apache.catalina.startup.VersionLoggerListener.log OS Version:            10.0
17-Jun-2019 09:40:15.270 信息 [main] org.apache.catalina.startup.VersionLoggerListener.log Architecture:          amd64
17-Jun-2019 09:40:15.270 信息 [main] org.apache.catalina.startup.VersionLoggerListener.log Java Home:             D:\Tools\Java\jdk1.8.0_111\jre
17-Jun-2019 09:40:15.270 信息 [main] org.apache.catalina.startup.VersionLoggerListener.log JVM Version:           1.8.0_111-b14
17-Jun-2019 09:40:15.270 信息 [main] org.apache.catalina.startup.VersionLoggerListener.log JVM Vendor:            Oracle Corporation
17-Jun-2019 09:40:15.270 信息 [main] org.apache.catalina.startup.VersionLoggerListener.log CATALINA_BASE:         D:\Tools\apache-tomcat-8.0.44
17-Jun-2019 09:40:15.271 信息 [main] org.apache.catalina.startup.VersionLoggerListener.log CATALINA_HOME:         D:\Tools\apache-tomcat-8.0.44
17-Jun-2019 09:40:15.271 信息 [main] org.apache.catalina.startup.VersionLoggerListener.log Command line argument: -Djava.util.logging.config.file=D:\Tools\apache-tomcat-8.0.44\conf\logging.properties
17-Jun-2019 09:40:15.271 信息 [main] org.apache.catalina.startup.VersionLoggerListener.log Command line argument: -Djava.util.logging.manager=org.apache.juli.ClassLoaderLogManager
17-Jun-2019 09:40:15.271 信息 [main] org.apache.catalina.startup.VersionLoggerListener.log Command line argument: -Djdk.tls.ephemeralDHKeySize=2048
17-Jun-2019 09:40:15.271 信息 [main] org.apache.catalina.startup.VersionLoggerListener.log Command line argument: -Djava.protocol.handler.pkgs=org.apache.catalina.webresources
17-Jun-2019 09:40:15.272 信息 [main] org.apache.catalina.startup.VersionLoggerListener.log Command line argument: -Djava.endorsed.dirs=D:\Tools\apache-tomcat-8.0.44\endorsed
17-Jun-2019 09:40:15.272 信息 [main] org.apache.catalina.startup.VersionLoggerListener.log Command line argument: -Dcatalina.base=D:\Tools\apache-tomcat-8.0.44
17-Jun-2019 09:40:15.273 信息 [main] org.apache.catalina.startup.VersionLoggerListener.log Command line argument: -Dcatalina.home=D:\Tools\apache-tomcat-8.0.44
17-Jun-2019 09:40:15.273 信息 [main] org.apache.catalina.startup.VersionLoggerListener.log Command line argument: -Djava.io.tmpdir=D:\Tools\apache-tomcat-8.0.44\temp
17-Jun-2019 09:40:15.274 信息 [main] org.apache.catalina.core.AprLifecycleListener.lifecycleEvent Loaded APR based Apache Tomcat Native library 1.2.12 using APR version 1.5.2.
17-Jun-2019 09:40:15.274 信息 [main] org.apache.catalina.core.AprLifecycleListener.lifecycleEvent APR capabilities: IPv6 [true], sendfile [true], accept filters [false], random [true].
17-Jun-2019 09:40:15.867 信息 [main] org.apache.catalina.core.AprLifecycleListener.initializeSSL OpenSSL successfully initialized (OpenSSL 1.0.2k  26 Jan 2017)
17-Jun-2019 09:40:16.006 信息 [main] org.apache.coyote.AbstractProtocol.init Initializing ProtocolHandler ["http-apr-8080"]
17-Jun-2019 09:40:16.016 严重 [main] org.apache.coyote.AbstractProtocol.init Failed to initialize end point associated with ProtocolHandler ["http-apr-8080"]
 java.lang.Exception: Socket bind failed: [730048] ?????????×???(Э?é/???????/???)????í??
	at org.apache.tomcat.util.net.AprEndpoint.bind(AprEndpoint.java:471)
	at org.apache.tomcat.util.net.AbstractEndpoint.init(AbstractEndpoint.java:810)
	at org.apache.coyote.AbstractProtocol.init(AbstractProtocol.java:476)
	at org.apache.catalina.connector.Connector.initInternal(Connector.java:960)
	at org.apache.catalina.util.LifecycleBase.init(LifecycleBase.java:102)
	at org.apache.catalina.core.StandardService.initInternal(StandardService.java:568)
	at org.apache.catalina.util.LifecycleBase.init(LifecycleBase.java:102)
	at org.apache.catalina.core.StandardServer.initInternal(StandardServer.java:871)
	at org.apache.catalina.util.LifecycleBase.init(LifecycleBase.java:102)
	at org.apache.catalina.startup.Catalina.load(Catalina.java:581)
	at org.apache.catalina.startup.Catalina.load(Catalina.java:604)
	at sun.reflect.NativeMethodAccessorImpl.invoke0(Native Method)
	at sun.reflect.NativeMethodAccessorImpl.invoke(NativeMethodAccessorImpl.java:62)
	at sun.reflect.DelegatingMethodAccessorImpl.invoke(DelegatingMethodAccessorImpl.java:43)
	at java.lang.reflect.Method.invoke(Method.java:498)
	at org.apache.catalina.startup.Bootstrap.load(Bootstrap.java:310)
	at org.apache.catalina.startup.Bootstrap.main(Bootstrap.java:484)

17-Jun-2019 09:40:16.018 严重 [main] org.apache.catalina.core.StandardService.initInternal Failed to initialize connector [Connector[HTTP/1.1-8080]]
 org.apache.catalina.LifecycleException: Failed to initialize component [Connector[HTTP/1.1-8080]]
	at org.apache.catalina.util.LifecycleBase.init(LifecycleBase.java:107)
	at org.apache.catalina.core.StandardService.initInternal(StandardService.java:568)
	at org.apache.catalina.util.LifecycleBase.init(LifecycleBase.java:102)
	at org.apache.catalina.core.StandardServer.initInternal(StandardServer.java:871)
	at org.apache.catalina.util.LifecycleBase.init(LifecycleBase.java:102)
	at org.apache.catalina.startup.Catalina.load(Catalina.java:581)
	at org.apache.catalina.startup.Catalina.load(Catalina.java:604)
	at sun.reflect.NativeMethodAccessorImpl.invoke0(Native Method)
	at sun.reflect.NativeMethodAccessorImpl.invoke(NativeMethodAccessorImpl.java:62)
	at sun.reflect.DelegatingMethodAccessorImpl.invoke(DelegatingMethodAccessorImpl.java:43)
	at java.lang.reflect.Method.invoke(Method.java:498)
	at org.apache.catalina.startup.Bootstrap.load(Bootstrap.java:310)
	at org.apache.catalina.startup.Bootstrap.main(Bootstrap.java:484)
Caused by: org.apache.catalina.LifecycleException: Protocol handler initialization failed
	at org.apache.catalina.connector.Connector.initInternal(Connector.java:962)
	at org.apache.catalina.util.LifecycleBase.init(LifecycleBase.java:102)
	... 12 more
Caused by: java.lang.Exception: Socket bind failed: [730048] ?????????×???(Э?é/???????/???)????í??
	at org.apache.tomcat.util.net.AprEndpoint.bind(AprEndpoint.java:471)
	at org.apache.tomcat.util.net.AbstractEndpoint.init(AbstractEndpoint.java:810)
	at org.apache.coyote.AbstractProtocol.init(AbstractProtocol.java:476)
	at org.apache.catalina.connector.Connector.initInternal(Connector.java:960)
	... 13 more

17-Jun-2019 09:40:16.025 信息 [main] org.apache.coyote.AbstractProtocol.init Initializing ProtocolHandler ["ajp-apr-8009"]
17-Jun-2019 09:40:16.027 信息 [main] org.apache.catalina.startup.Catalina.load Initialization processed in 1193 ms
17-Jun-2019 09:40:16.064 信息 [main] org.apache.catalina.core.StandardService.startInternal Starting service Catalina
17-Jun-2019 09:40:16.065 信息 [main] org.apache.catalina.core.StandardEngine.startInternal Starting Servlet Engine: Apache Tomcat/8.0.44
17-Jun-2019 09:40:16.083 信息 [localhost-startStop-1] org.apache.catalina.startup.HostConfig.deployDescriptor Deploying configuration descriptor D:\Tools\apache-tomcat-8.0.44\conf\Catalina\localhost\app.xml
17-Jun-2019 09:40:16.134 警告 [localhost-startStop-1] org.apache.catalina.startup.SetContextPropertiesRule.begin [SetContextPropertiesRule]{Context} Setting property 'source' to 'org.eclipse.jst.jee.server:app' did not find a matching property.
17-Jun-2019 09:40:16.168 严重 [localhost-startStop-1] org.apache.catalina.core.ContainerBase.addChildInternal ContainerBase.addChild: start: 
 org.apache.catalina.LifecycleException: Failed to start component [StandardEngine[Catalina].StandardHost[localhost].StandardContext[/app]]
	at org.apache.catalina.util.LifecycleBase.start(LifecycleBase.java:162)
	at org.apache.catalina.core.ContainerBase.addChildInternal(ContainerBase.java:753)
	at org.apache.catalina.core.ContainerBase.addChild(ContainerBase.java:729)
	at org.apache.catalina.core.StandardHost.addChild(StandardHost.java:717)
	at org.apache.catalina.startup.HostConfig.deployDescriptor(HostConfig.java:587)
	at org.apache.catalina.startup.HostConfig$DeployDescriptor.run(HostConfig.java:1798)
	at java.util.concurrent.Executors$RunnableAdapter.call(Executors.java:511)
	at java.util.concurrent.FutureTask.run(FutureTask.java:266)
	at java.util.concurrent.ThreadPoolExecutor.runWorker(ThreadPoolExecutor.java:1142)
	at java.util.concurrent.ThreadPoolExecutor$Worker.run(ThreadPoolExecutor.java:617)
	at java.lang.Thread.run(Thread.java:745)
Caused by: org.apache.catalina.LifecycleException: Failed to start component [org.apache.catalina.webresources.StandardRoot@276161b7]
	at org.apache.catalina.util.LifecycleBase.start(LifecycleBase.java:162)
	at org.apache.catalina.core.StandardContext.resourcesStart(StandardContext.java:4969)
	at org.apache.catalina.core.StandardContext.startInternal(StandardContext.java:5099)
	at org.apache.catalina.util.LifecycleBase.start(LifecycleBase.java:145)
	... 10 more
Caused by: java.lang.IllegalArgumentException: The main resource set specified [D:\Tools\apache-tomcat-8.0.44\wtpwebapps\app] is not valid
	at org.apache.catalina.webresources.StandardRoot.createMainResourceSet(StandardRoot.java:731)
	at org.apache.catalina.webresources.StandardRoot.startInternal(StandardRoot.java:689)
	at org.apache.catalina.util.LifecycleBase.start(LifecycleBase.java:145)
	... 13 more

17-Jun-2019 09:40:16.169 严重 [localhost-startStop-1] org.apache.catalina.startup.HostConfig.deployDescriptor Error deploying configuration descriptor D:\Tools\apache-tomcat-8.0.44\conf\Catalina\localhost\app.xml
 java.lang.IllegalStateException: ContainerBase.addChild: start: org.apache.catalina.LifecycleException: Failed to start component [StandardEngine[Catalina].StandardHost[localhost].StandardContext[/app]]
	at org.apache.catalina.core.ContainerBase.addChildInternal(ContainerBase.java:757)
	at org.apache.catalina.core.ContainerBase.addChild(ContainerBase.java:729)
	at org.apache.catalina.core.StandardHost.addChild(StandardHost.java:717)
	at org.apache.catalina.startup.HostConfig.deployDescriptor(HostConfig.java:587)
	at org.apache.catalina.startup.HostConfig$DeployDescriptor.run(HostConfig.java:1798)
	at java.util.concurrent.Executors$RunnableAdapter.call(Executors.java:511)
	at java.util.concurrent.FutureTask.run(FutureTask.java:266)
	at java.util.concurrent.ThreadPoolExecutor.runWorker(ThreadPoolExecutor.java:1142)
	at java.util.concurrent.ThreadPoolExecutor$Worker.run(ThreadPoolExecutor.java:617)
	at java.lang.Thread.run(Thread.java:745)

17-Jun-2019 09:40:16.176 信息 [localhost-startStop-1] org.apache.catalina.startup.HostConfig.deployDescriptor Deployment of configuration descriptor D:\Tools\apache-tomcat-8.0.44\conf\Catalina\localhost\app.xml has finished in 92 ms
17-Jun-2019 09:40:16.177 信息 [localhost-startStop-1] org.apache.catalina.startup.HostConfig.deployDirectory Deploying web application directory D:\Tools\apache-tomcat-8.0.44\webapps\docs
17-Jun-2019 09:40:16.501 信息 [localhost-startStop-1] org.apache.catalina.startup.HostConfig.deployDirectory Deployment of web application directory D:\Tools\apache-tomcat-8.0.44\webapps\docs has finished in 324 ms
17-Jun-2019 09:40:16.501 信息 [localhost-startStop-1] org.apache.catalina.startup.HostConfig.deployDirectory Deploying web application directory D:\Tools\apache-tomcat-8.0.44\webapps\examples
17-Jun-2019 09:40:16.884 信息 [localhost-startStop-1] org.apache.catalina.startup.HostConfig.deployDirectory Deployment of web application directory D:\Tools\apache-tomcat-8.0.44\webapps\examples has finished in 382 ms
17-Jun-2019 09:40:16.884 信息 [localhost-startStop-1] org.apache.catalina.startup.HostConfig.deployDirectory Deploying web application directory D:\Tools\apache-tomcat-8.0.44\webapps\host-manager
17-Jun-2019 09:40:16.920 信息 [localhost-startStop-1] org.apache.catalina.startup.HostConfig.deployDirectory Deployment of web application directory D:\Tools\apache-tomcat-8.0.44\webapps\host-manager has finished in 36 ms
17-Jun-2019 09:40:16.922 信息 [localhost-startStop-1] org.apache.catalina.startup.HostConfig.deployDirectory Deploying web application directory D:\Tools\apache-tomcat-8.0.44\webapps\manager
17-Jun-2019 09:40:16.961 信息 [localhost-startStop-1] org.apache.catalina.startup.HostConfig.deployDirectory Deployment of web application directory D:\Tools\apache-tomcat-8.0.44\webapps\manager has finished in 39 ms
17-Jun-2019 09:40:16.966 信息 [localhost-startStop-1] org.apache.catalina.startup.HostConfig.deployDirectory Deploying web application directory D:\Tools\apache-tomcat-8.0.44\webapps\ROOT
17-Jun-2019 09:40:17.004 信息 [localhost-startStop-1] org.apache.catalina.startup.HostConfig.deployDirectory Deployment of web application directory D:\Tools\apache-tomcat-8.0.44\webapps\ROOT has finished in 38 ms
17-Jun-2019 09:40:17.008 信息 [main] org.apache.coyote.AbstractProtocol.start Starting ProtocolHandler ["ajp-apr-8009"]
17-Jun-2019 09:40:17.021 信息 [main] org.apache.catalina.startup.Catalina.start Server startup in 994 ms
17-Jun-2019 09:46:28.360 信息 [main] org.apache.catalina.startup.VersionLoggerListener.log Server version:        Apache Tomcat/8.0.44
17-Jun-2019 09:46:28.374 信息 [main] org.apache.catalina.startup.VersionLoggerListener.log Server built:          May 10 2017 17:21:09 UTC
17-Jun-2019 09:46:28.376 信息 [main] org.apache.catalina.startup.VersionLoggerListener.log Server number:         8.0.44.0
17-Jun-2019 09:46:28.377 信息 [main] org.apache.catalina.startup.VersionLoggerListener.log OS Name:               Windows 10
17-Jun-2019 09:46:28.377 信息 [main] org.apache.catalina.startup.VersionLoggerListener.log OS Version:            10.0
17-Jun-2019 09:46:28.377 信息 [main] org.apache.catalina.startup.VersionLoggerListener.log Architecture:          amd64
17-Jun-2019 09:46:28.377 信息 [main] org.apache.catalina.startup.VersionLoggerListener.log Java Home:             D:\Tools\Java\jdk1.8.0_111\jre
17-Jun-2019 09:46:28.379 信息 [main] org.apache.catalina.startup.VersionLoggerListener.log JVM Version:           1.8.0_111-b14
17-Jun-2019 09:46:28.380 信息 [main] org.apache.catalina.startup.VersionLoggerListener.log JVM Vendor:            Oracle Corporation
17-Jun-2019 09:46:28.381 信息 [main] org.apache.catalina.startup.VersionLoggerListener.log CATALINA_BASE:         D:\Tools\apache-tomcat-8.0.44
17-Jun-2019 09:46:28.381 信息 [main] org.apache.catalina.startup.VersionLoggerListener.log CATALINA_HOME:         D:\Tools\apache-tomcat-8.0.44
17-Jun-2019 09:46:28.382 信息 [main] org.apache.catalina.startup.VersionLoggerListener.log Command line argument: -Djava.util.logging.config.file=D:\Tools\apache-tomcat-8.0.44\conf\logging.properties
17-Jun-2019 09:46:28.383 信息 [main] org.apache.catalina.startup.VersionLoggerListener.log Command line argument: -Djava.util.logging.manager=org.apache.juli.ClassLoaderLogManager
17-Jun-2019 09:46:28.384 信息 [main] org.apache.catalina.startup.VersionLoggerListener.log Command line argument: -Djdk.tls.ephemeralDHKeySize=2048
17-Jun-2019 09:46:28.385 信息 [main] org.apache.catalina.startup.VersionLoggerListener.log Command line argument: -Djava.protocol.handler.pkgs=org.apache.catalina.webresources
17-Jun-2019 09:46:28.396 信息 [main] org.apache.catalina.startup.VersionLoggerListener.log Command line argument: -Djava.endorsed.dirs=D:\Tools\apache-tomcat-8.0.44\endorsed
17-Jun-2019 09:46:28.396 信息 [main] org.apache.catalina.startup.VersionLoggerListener.log Command line argument: -Dcatalina.base=D:\Tools\apache-tomcat-8.0.44
17-Jun-2019 09:46:28.397 信息 [main] org.apache.catalina.startup.VersionLoggerListener.log Command line argument: -Dcatalina.home=D:\Tools\apache-tomcat-8.0.44
17-Jun-2019 09:46:28.398 信息 [main] org.apache.catalina.startup.VersionLoggerListener.log Command line argument: -Djava.io.tmpdir=D:\Tools\apache-tomcat-8.0.44\temp
17-Jun-2019 09:46:28.400 信息 [main] org.apache.catalina.core.AprLifecycleListener.lifecycleEvent Loaded APR based Apache Tomcat Native library 1.2.12 using APR version 1.5.2.
17-Jun-2019 09:46:28.402 信息 [main] org.apache.catalina.core.AprLifecycleListener.lifecycleEvent APR capabilities: IPv6 [true], sendfile [true], accept filters [false], random [true].
17-Jun-2019 09:46:29.515 信息 [main] org.apache.catalina.core.AprLifecycleListener.initializeSSL OpenSSL successfully initialized (OpenSSL 1.0.2k  26 Jan 2017)
17-Jun-2019 09:46:29.871 信息 [main] org.apache.coyote.AbstractProtocol.init Initializing ProtocolHandler ["http-apr-9090"]
17-Jun-2019 09:46:29.913 信息 [main] org.apache.coyote.AbstractProtocol.init Initializing ProtocolHandler ["ajp-apr-8009"]
17-Jun-2019 09:46:29.918 信息 [main] org.apache.catalina.startup.Catalina.load Initialization processed in 2848 ms
17-Jun-2019 09:46:30.072 信息 [main] org.apache.catalina.core.StandardService.startInternal Starting service Catalina
17-Jun-2019 09:46:30.087 信息 [main] org.apache.catalina.core.StandardEngine.startInternal Starting Servlet Engine: Apache Tomcat/8.0.44
17-Jun-2019 09:46:30.193 信息 [localhost-startStop-1] org.apache.catalina.startup.HostConfig.deployDescriptor Deploying configuration descriptor D:\Tools\apache-tomcat-8.0.44\conf\Catalina\localhost\app.xml
17-Jun-2019 09:46:30.398 警告 [localhost-startStop-1] org.apache.catalina.startup.SetContextPropertiesRule.begin [SetContextPropertiesRule]{Context} Setting property 'source' to 'org.eclipse.jst.jee.server:app' did not find a matching property.
17-Jun-2019 09:46:30.492 严重 [localhost-startStop-1] org.apache.catalina.core.ContainerBase.addChildInternal ContainerBase.addChild: start: 
 org.apache.catalina.LifecycleException: Failed to start component [StandardEngine[Catalina].StandardHost[localhost].StandardContext[/app]]
	at org.apache.catalina.util.LifecycleBase.start(LifecycleBase.java:162)
	at org.apache.catalina.core.ContainerBase.addChildInternal(ContainerBase.java:753)
	at org.apache.catalina.core.ContainerBase.addChild(ContainerBase.java:729)
	at org.apache.catalina.core.StandardHost.addChild(StandardHost.java:717)
	at org.apache.catalina.startup.HostConfig.deployDescriptor(HostConfig.java:587)
	at org.apache.catalina.startup.HostConfig$DeployDescriptor.run(HostConfig.java:1798)
	at java.util.concurrent.Executors$RunnableAdapter.call(Executors.java:511)
	at java.util.concurrent.FutureTask.run(FutureTask.java:266)
	at java.util.concurrent.ThreadPoolExecutor.runWorker(ThreadPoolExecutor.java:1142)
	at java.util.concurrent.ThreadPoolExecutor$Worker.run(ThreadPoolExecutor.java:617)
	at java.lang.Thread.run(Thread.java:745)
Caused by: org.apache.catalina.LifecycleException: Failed to start component [org.apache.catalina.webresources.StandardRoot@6858b2c4]
	at org.apache.catalina.util.LifecycleBase.start(LifecycleBase.java:162)
	at org.apache.catalina.core.StandardContext.resourcesStart(StandardContext.java:4969)
	at org.apache.catalina.core.StandardContext.startInternal(StandardContext.java:5099)
	at org.apache.catalina.util.LifecycleBase.start(LifecycleBase.java:145)
	... 10 more
Caused by: java.lang.IllegalArgumentException: The main resource set specified [D:\Tools\apache-tomcat-8.0.44\wtpwebapps\app] is not valid
	at org.apache.catalina.webresources.StandardRoot.createMainResourceSet(StandardRoot.java:731)
	at org.apache.catalina.webresources.StandardRoot.startInternal(StandardRoot.java:689)
	at org.apache.catalina.util.LifecycleBase.start(LifecycleBase.java:145)
	... 13 more

17-Jun-2019 09:46:30.496 严重 [localhost-startStop-1] org.apache.catalina.startup.HostConfig.deployDescriptor Error deploying configuration descriptor D:\Tools\apache-tomcat-8.0.44\conf\Catalina\localhost\app.xml
 java.lang.IllegalStateException: ContainerBase.addChild: start: org.apache.catalina.LifecycleException: Failed to start component [StandardEngine[Catalina].StandardHost[localhost].StandardContext[/app]]
	at org.apache.catalina.core.ContainerBase.addChildInternal(ContainerBase.java:757)
	at org.apache.catalina.core.ContainerBase.addChild(ContainerBase.java:729)
	at org.apache.catalina.core.StandardHost.addChild(StandardHost.java:717)
	at org.apache.catalina.startup.HostConfig.deployDescriptor(HostConfig.java:587)
	at org.apache.catalina.startup.HostConfig$DeployDescriptor.run(HostConfig.java:1798)
	at java.util.concurrent.Executors$RunnableAdapter.call(Executors.java:511)
	at java.util.concurrent.FutureTask.run(FutureTask.java:266)
	at java.util.concurrent.ThreadPoolExecutor.runWorker(ThreadPoolExecutor.java:1142)
	at java.util.concurrent.ThreadPoolExecutor$Worker.run(ThreadPoolExecutor.java:617)
	at java.lang.Thread.run(Thread.java:745)

17-Jun-2019 09:46:30.510 信息 [localhost-startStop-1] org.apache.catalina.startup.HostConfig.deployDescriptor Deployment of configuration descriptor D:\Tools\apache-tomcat-8.0.44\conf\Catalina\localhost\app.xml has finished in 317 ms
17-Jun-2019 09:46:30.518 信息 [localhost-startStop-1] org.apache.catalina.startup.HostConfig.deployDirectory Deploying web application directory D:\Tools\apache-tomcat-8.0.44\webapps\docs
17-Jun-2019 09:46:31.444 信息 [localhost-startStop-1] org.apache.catalina.util.SessionIdGeneratorBase.createSecureRandom Creation of SecureRandom instance for session ID generation using [SHA1PRNG] took [158] milliseconds.
17-Jun-2019 09:46:31.511 信息 [localhost-startStop-1] org.apache.catalina.startup.HostConfig.deployDirectory Deployment of web application directory D:\Tools\apache-tomcat-8.0.44\webapps\docs has finished in 993 ms
17-Jun-2019 09:46:31.516 信息 [localhost-startStop-1] org.apache.catalina.startup.HostConfig.deployDirectory Deploying web application directory D:\Tools\apache-tomcat-8.0.44\webapps\examples
17-Jun-2019 09:46:32.546 信息 [localhost-startStop-1] org.apache.catalina.startup.HostConfig.deployDirectory Deployment of web application directory D:\Tools\apache-tomcat-8.0.44\webapps\examples has finished in 1,030 ms
17-Jun-2019 09:46:32.546 信息 [localhost-startStop-1] org.apache.catalina.startup.HostConfig.deployDirectory Deploying web application directory D:\Tools\apache-tomcat-8.0.44\webapps\host-manager
17-Jun-2019 09:46:32.617 信息 [localhost-startStop-1] org.apache.catalina.startup.HostConfig.deployDirectory Deployment of web application directory D:\Tools\apache-tomcat-8.0.44\webapps\host-manager has finished in 70 ms
17-Jun-2019 09:46:32.638 信息 [localhost-startStop-1] org.apache.catalina.startup.HostConfig.deployDirectory Deploying web application directory D:\Tools\apache-tomcat-8.0.44\webapps\manager
17-Jun-2019 09:46:32.816 信息 [localhost-startStop-1] org.apache.catalina.startup.HostConfig.deployDirectory Deployment of web application directory D:\Tools\apache-tomcat-8.0.44\webapps\manager has finished in 169 ms
17-Jun-2019 09:46:32.824 信息 [localhost-startStop-1] org.apache.catalina.startup.HostConfig.deployDirectory Deploying web application directory D:\Tools\apache-tomcat-8.0.44\webapps\ROOT
17-Jun-2019 09:46:32.883 信息 [localhost-startStop-1] org.apache.catalina.startup.HostConfig.deployDirectory Deployment of web application directory D:\Tools\apache-tomcat-8.0.44\webapps\ROOT has finished in 59 ms
17-Jun-2019 09:46:32.898 信息 [main] org.apache.coyote.AbstractProtocol.start Starting ProtocolHandler ["http-apr-9090"]
17-Jun-2019 09:46:32.930 信息 [main] org.apache.coyote.AbstractProtocol.start Starting ProtocolHandler ["ajp-apr-8009"]
17-Jun-2019 09:46:32.941 信息 [main] org.apache.catalina.startup.Catalina.start Server startup in 3020 ms
17-Jun-2019 09:49:45.377 信息 [http-apr-9090-exec-5] org.apache.coyote.http11.AbstractHttp11Processor.process Error parsing HTTP request header
 Note: further occurrences of HTTP header parsing errors will be logged at DEBUG level.
 java.lang.IllegalArgumentException: Invalid character found in method name. HTTP method names must be tokens
	at org.apache.coyote.http11.InternalAprInputBuffer.parseRequestLine(InternalAprInputBuffer.java:186)
	at org.apache.coyote.http11.AbstractHttp11Processor.process(AbstractHttp11Processor.java:1045)
	at org.apache.coyote.AbstractProtocol$AbstractConnectionHandler.process(AbstractProtocol.java:684)
	at org.apache.tomcat.util.net.AprEndpoint$SocketProcessor.doRun(AprEndpoint.java:2521)
	at org.apache.tomcat.util.net.AprEndpoint$SocketProcessor.run(AprEndpoint.java:2510)
	at java.util.concurrent.ThreadPoolExecutor.runWorker(ThreadPoolExecutor.java:1142)
	at java.util.concurrent.ThreadPoolExecutor$Worker.run(ThreadPoolExecutor.java:617)
	at org.apache.tomcat.util.threads.TaskThread$WrappingRunnable.run(TaskThread.java:61)
	at java.lang.Thread.run(Thread.java:745)

17-Jun-2019 10:05:32.564 信息 [main] org.apache.catalina.startup.VersionLoggerListener.log Server version:        Apache Tomcat/8.0.44
17-Jun-2019 10:05:32.574 信息 [main] org.apache.catalina.startup.VersionLoggerListener.log Server built:          May 10 2017 17:21:09 UTC
17-Jun-2019 10:05:32.577 信息 [main] org.apache.catalina.startup.VersionLoggerListener.log Server number:         8.0.44.0
17-Jun-2019 10:05:32.578 信息 [main] org.apache.catalina.startup.VersionLoggerListener.log OS Name:               Windows 10
17-Jun-2019 10:05:32.578 信息 [main] org.apache.catalina.startup.VersionLoggerListener.log OS Version:            10.0
17-Jun-2019 10:05:32.578 信息 [main] org.apache.catalina.startup.VersionLoggerListener.log Architecture:          amd64
17-Jun-2019 10:05:32.579 信息 [main] org.apache.catalina.startup.VersionLoggerListener.log Java Home:             D:\Tools\Java\jdk1.8.0_111\jre
17-Jun-2019 10:05:32.579 信息 [main] org.apache.catalina.startup.VersionLoggerListener.log JVM Version:           1.8.0_111-b14
17-Jun-2019 10:05:32.579 信息 [main] org.apache.catalina.startup.VersionLoggerListener.log JVM Vendor:            Oracle Corporation
17-Jun-2019 10:05:32.579 信息 [main] org.apache.catalina.startup.VersionLoggerListener.log CATALINA_BASE:         D:\Tools\apache-tomcat-8.0.44
17-Jun-2019 10:05:32.579 信息 [main] org.apache.catalina.startup.VersionLoggerListener.log CATALINA_HOME:         D:\Tools\apache-tomcat-8.0.44
17-Jun-2019 10:05:32.580 信息 [main] org.apache.catalina.startup.VersionLoggerListener.log Command line argument: -Djava.util.logging.config.file=D:\Tools\apache-tomcat-8.0.44\conf\logging.properties
17-Jun-2019 10:05:32.580 信息 [main] org.apache.catalina.startup.VersionLoggerListener.log Command line argument: -Djava.util.logging.manager=org.apache.juli.ClassLoaderLogManager
17-Jun-2019 10:05:32.581 信息 [main] org.apache.catalina.startup.VersionLoggerListener.log Command line argument: -Djdk.tls.ephemeralDHKeySize=2048
17-Jun-2019 10:05:32.581 信息 [main] org.apache.catalina.startup.VersionLoggerListener.log Command line argument: -Djava.protocol.handler.pkgs=org.apache.catalina.webresources
17-Jun-2019 10:05:32.582 信息 [main] org.apache.catalina.startup.VersionLoggerListener.log Command line argument: -Djava.endorsed.dirs=D:\Tools\apache-tomcat-8.0.44\endorsed
17-Jun-2019 10:05:32.582 信息 [main] org.apache.catalina.startup.VersionLoggerListener.log Command line argument: -Dcatalina.base=D:\Tools\apache-tomcat-8.0.44
17-Jun-2019 10:05:32.585 信息 [main] org.apache.catalina.startup.VersionLoggerListener.log Command line argument: -Dcatalina.home=D:\Tools\apache-tomcat-8.0.44
17-Jun-2019 10:05:32.586 信息 [main] org.apache.catalina.startup.VersionLoggerListener.log Command line argument: -Djava.io.tmpdir=D:\Tools\apache-tomcat-8.0.44\temp
17-Jun-2019 10:05:32.603 信息 [main] org.apache.catalina.core.AprLifecycleListener.lifecycleEvent Loaded APR based Apache Tomcat Native library 1.2.12 using APR version 1.5.2.
17-Jun-2019 10:05:32.607 信息 [main] org.apache.catalina.core.AprLifecycleListener.lifecycleEvent APR capabilities: IPv6 [true], sendfile [true], accept filters [false], random [true].
17-Jun-2019 10:05:33.705 信息 [main] org.apache.catalina.core.AprLifecycleListener.initializeSSL OpenSSL successfully initialized (OpenSSL 1.0.2k  26 Jan 2017)
17-Jun-2019 10:05:34.038 信息 [main] org.apache.coyote.AbstractProtocol.init Initializing ProtocolHandler ["http-apr-9090"]
17-Jun-2019 10:05:34.057 信息 [main] org.apache.coyote.AbstractProtocol.init Initializing ProtocolHandler ["ajp-apr-8009"]
17-Jun-2019 10:05:34.062 信息 [main] org.apache.catalina.startup.Catalina.load Initialization processed in 2570 ms
17-Jun-2019 10:05:34.183 信息 [main] org.apache.catalina.core.StandardService.startInternal Starting service Catalina
17-Jun-2019 10:05:34.184 信息 [main] org.apache.catalina.core.StandardEngine.startInternal Starting Servlet Engine: Apache Tomcat/8.0.44
17-Jun-2019 10:05:34.277 信息 [localhost-startStop-1] org.apache.catalina.startup.HostConfig.deployDescriptor Deploying configuration descriptor D:\Tools\apache-tomcat-8.0.44\conf\Catalina\localhost\app.xml
17-Jun-2019 10:05:34.386 警告 [localhost-startStop-1] org.apache.catalina.startup.SetContextPropertiesRule.begin [SetContextPropertiesRule]{Context} Setting property 'source' to 'org.eclipse.jst.jee.server:app' did not find a matching property.
17-Jun-2019 10:05:34.560 严重 [localhost-startStop-1] org.apache.catalina.core.ContainerBase.addChildInternal ContainerBase.addChild: start: 
 org.apache.catalina.LifecycleException: Failed to start component [StandardEngine[Catalina].StandardHost[localhost].StandardContext[/app]]
	at org.apache.catalina.util.LifecycleBase.start(LifecycleBase.java:162)
	at org.apache.catalina.core.ContainerBase.addChildInternal(ContainerBase.java:753)
	at org.apache.catalina.core.ContainerBase.addChild(ContainerBase.java:729)
	at org.apache.catalina.core.StandardHost.addChild(StandardHost.java:717)
	at org.apache.catalina.startup.HostConfig.deployDescriptor(HostConfig.java:587)
	at org.apache.catalina.startup.HostConfig$DeployDescriptor.run(HostConfig.java:1798)
	at java.util.concurrent.Executors$RunnableAdapter.call(Executors.java:511)
	at java.util.concurrent.FutureTask.run(FutureTask.java:266)
	at java.util.concurrent.ThreadPoolExecutor.runWorker(ThreadPoolExecutor.java:1142)
	at java.util.concurrent.ThreadPoolExecutor$Worker.run(ThreadPoolExecutor.java:617)
	at java.lang.Thread.run(Thread.java:745)
Caused by: org.apache.catalina.LifecycleException: Failed to start component [org.apache.catalina.webresources.StandardRoot@df0d03e]
	at org.apache.catalina.util.LifecycleBase.start(LifecycleBase.java:162)
	at org.apache.catalina.core.StandardContext.resourcesStart(StandardContext.java:4969)
	at org.apache.catalina.core.StandardContext.startInternal(StandardContext.java:5099)
	at org.apache.catalina.util.LifecycleBase.start(LifecycleBase.java:145)
	... 10 more
Caused by: java.lang.IllegalArgumentException: The main resource set specified [D:\Tools\apache-tomcat-8.0.44\wtpwebapps\app] is not valid
	at org.apache.catalina.webresources.StandardRoot.createMainResourceSet(StandardRoot.java:731)
	at org.apache.catalina.webresources.StandardRoot.startInternal(StandardRoot.java:689)
	at org.apache.catalina.util.LifecycleBase.start(LifecycleBase.java:145)
	... 13 more

17-Jun-2019 10:05:34.570 严重 [localhost-startStop-1] org.apache.catalina.startup.HostConfig.deployDescriptor Error deploying configuration descriptor D:\Tools\apache-tomcat-8.0.44\conf\Catalina\localhost\app.xml
 java.lang.IllegalStateException: ContainerBase.addChild: start: org.apache.catalina.LifecycleException: Failed to start component [StandardEngine[Catalina].StandardHost[localhost].StandardContext[/app]]
	at org.apache.catalina.core.ContainerBase.addChildInternal(ContainerBase.java:757)
	at org.apache.catalina.core.ContainerBase.addChild(ContainerBase.java:729)
	at org.apache.catalina.core.StandardHost.addChild(StandardHost.java:717)
	at org.apache.catalina.startup.HostConfig.deployDescriptor(HostConfig.java:587)
	at org.apache.catalina.startup.HostConfig$DeployDescriptor.run(HostConfig.java:1798)
	at java.util.concurrent.Executors$RunnableAdapter.call(Executors.java:511)
	at java.util.concurrent.FutureTask.run(FutureTask.java:266)
	at java.util.concurrent.ThreadPoolExecutor.runWorker(ThreadPoolExecutor.java:1142)
	at java.util.concurrent.ThreadPoolExecutor$Worker.run(ThreadPoolExecutor.java:617)
	at java.lang.Thread.run(Thread.java:745)

17-Jun-2019 10:05:34.585 信息 [localhost-startStop-1] org.apache.catalina.startup.HostConfig.deployDescriptor Deployment of configuration descriptor D:\Tools\apache-tomcat-8.0.44\conf\Catalina\localhost\app.xml has finished in 305 ms
17-Jun-2019 10:05:34.597 信息 [localhost-startStop-1] org.apache.catalina.startup.HostConfig.deployDirectory Deploying web application directory D:\Tools\apache-tomcat-8.0.44\webapps\docs
17-Jun-2019 10:05:35.515 信息 [localhost-startStop-1] org.apache.catalina.util.SessionIdGeneratorBase.createSecureRandom Creation of SecureRandom instance for session ID generation using [SHA1PRNG] took [227] milliseconds.
17-Jun-2019 10:05:35.599 信息 [localhost-startStop-1] org.apache.catalina.startup.HostConfig.deployDirectory Deployment of web application directory D:\Tools\apache-tomcat-8.0.44\webapps\docs has finished in 1,002 ms
17-Jun-2019 10:05:35.600 信息 [localhost-startStop-1] org.apache.catalina.startup.HostConfig.deployDirectory Deploying web application directory D:\Tools\apache-tomcat-8.0.44\webapps\examples
17-Jun-2019 10:05:36.795 信息 [localhost-startStop-1] org.apache.catalina.startup.HostConfig.deployDirectory Deployment of web application directory D:\Tools\apache-tomcat-8.0.44\webapps\examples has finished in 1,196 ms
17-Jun-2019 10:05:36.800 信息 [localhost-startStop-1] org.apache.catalina.startup.HostConfig.deployDirectory Deploying web application directory D:\Tools\apache-tomcat-8.0.44\webapps\host-manager
17-Jun-2019 10:05:36.895 信息 [localhost-startStop-1] org.apache.catalina.startup.HostConfig.deployDirectory Deployment of web application directory D:\Tools\apache-tomcat-8.0.44\webapps\host-manager has finished in 95 ms
17-Jun-2019 10:05:36.900 信息 [localhost-startStop-1] org.apache.catalina.startup.HostConfig.deployDirectory Deploying web application directory D:\Tools\apache-tomcat-8.0.44\webapps\manager
17-Jun-2019 10:05:36.944 信息 [localhost-startStop-1] org.apache.catalina.startup.HostConfig.deployDirectory Deployment of web application directory D:\Tools\apache-tomcat-8.0.44\webapps\manager has finished in 44 ms
17-Jun-2019 10:05:36.945 信息 [localhost-startStop-1] org.apache.catalina.startup.HostConfig.deployDirectory Deploying web application directory D:\Tools\apache-tomcat-8.0.44\webapps\ROOT
17-Jun-2019 10:05:37.067 信息 [localhost-startStop-1] org.apache.catalina.startup.HostConfig.deployDirectory Deployment of web application directory D:\Tools\apache-tomcat-8.0.44\webapps\ROOT has finished in 122 ms
17-Jun-2019 10:05:37.067 信息 [localhost-startStop-1] org.apache.catalina.startup.HostConfig.deployDirectory Deploying web application directory D:\Tools\apache-tomcat-8.0.44\webapps\yzq
17-Jun-2019 10:05:37.172 信息 [localhost-startStop-1] org.apache.catalina.startup.HostConfig.deployDirectory Deployment of web application directory D:\Tools\apache-tomcat-8.0.44\webapps\yzq has finished in 105 ms
17-Jun-2019 10:05:37.204 信息 [main] org.apache.coyote.AbstractProtocol.start Starting ProtocolHandler ["http-apr-9090"]
17-Jun-2019 10:05:37.246 信息 [main] org.apache.coyote.AbstractProtocol.start Starting ProtocolHandler ["ajp-apr-8009"]
17-Jun-2019 10:05:37.292 信息 [main] org.apache.catalina.startup.Catalina.start Server startup in 3226 ms
