23-Jul-2019 14:55:31.101 信息 [localhost-startStop-1] org.apache.catalina.core.ApplicationContext.log No Spring WebApplicationInitializer types detected on classpath
23-Jul-2019 14:55:31.696 信息 [localhost-startStop-1] org.apache.catalina.core.ApplicationContext.log Initializing Spring root WebApplicationContext
23-Jul-2019 14:55:39.823 信息 [localhost-startStop-1] org.apache.catalina.core.ApplicationContext.log ContextListener: contextInitialized()
23-Jul-2019 14:55:39.825 信息 [localhost-startStop-1] org.apache.catalina.core.ApplicationContext.log SessionListener: contextInitialized()
23-Jul-2019 14:58:57.778 信息 [localhost-startStop-1] org.apache.catalina.core.ApplicationContext.log No Spring WebApplicationInitializer types detected on classpath
23-Jul-2019 14:58:58.143 信息 [localhost-startStop-1] org.apache.catalina.core.ApplicationContext.log Initializing Spring root WebApplicationContext
23-Jul-2019 14:59:03.438 信息 [localhost-startStop-1] org.apache.catalina.core.ApplicationContext.log ContextListener: contextInitialized()
23-Jul-2019 14:59:03.438 信息 [localhost-startStop-1] org.apache.catalina.core.ApplicationContext.log SessionListener: contextInitialized()
23-Jul-2019 15:14:58.282 信息 [localhost-startStop-1] org.apache.catalina.core.ApplicationContext.log No Spring WebApplicationInitializer types detected on classpath
23-Jul-2019 15:14:58.418 信息 [localhost-startStop-1] org.apache.catalina.core.ApplicationContext.log Initializing Spring root WebApplicationContext
23-Jul-2019 15:15:15.614 信息 [localhost-startStop-1] org.apache.catalina.core.ApplicationContext.log No Spring WebApplicationInitializer types detected on classpath
23-Jul-2019 15:15:15.683 信息 [localhost-startStop-1] org.apache.catalina.core.ApplicationContext.log Initializing log4j system
23-Jul-2019 15:15:15.853 信息 [localhost-startStop-1] org.apache.catalina.core.ApplicationContext.log Initializing Spring root WebApplicationContext
23-Jul-2019 15:15:28.737 信息 [localhost-startStop-1] org.apache.catalina.core.ApplicationContext.log Initializing Spring sub WebApplicationContext: sysmanage
23-Jul-2019 15:15:30.503 信息 [localhost-startStop-1] org.apache.catalina.core.ApplicationContext.log Initializing Spring sub WebApplicationContext: sysinfo
23-Jul-2019 15:15:31.941 信息 [localhost-startStop-1] org.apache.catalina.core.ApplicationContext.log Initializing Spring sub WebApplicationContext: personal
23-Jul-2019 15:15:33.195 信息 [localhost-startStop-1] org.apache.catalina.core.ApplicationContext.log Initializing Spring sub WebApplicationContext: governance
23-Jul-2019 15:15:34.579 信息 [localhost-startStop-1] org.apache.catalina.core.ApplicationContext.log Initializing Spring sub WebApplicationContext: home
23-Jul-2019 15:15:36.008 信息 [localhost-startStop-1] org.apache.catalina.core.ApplicationContext.log WebxComponents: initialization completed
23-Jul-2019 15:15:36.013 信息 [localhost-startStop-1] org.apache.catalina.core.ApplicationContext.log Initializing filter: webx
23-Jul-2019 15:15:36.026 信息 [localhost-startStop-1] org.apache.catalina.core.ApplicationContext.log WebxFrameworkFilter - webx: initialization completed
23-Jul-2019 15:15:36.032 信息 [localhost-startStop-1] org.apache.catalina.core.ApplicationContext.log Initializing filter: mdc
23-Jul-2019 15:15:36.034 信息 [localhost-startStop-1] org.apache.catalina.core.ApplicationContext.log SetLoggingContextFilter - mdc: initialization completed
23-Jul-2019 15:15:36.373 信息 [localhost-startStop-1] org.apache.catalina.core.ApplicationContext.log ContextListener: contextInitialized()
23-Jul-2019 15:15:36.373 信息 [localhost-startStop-1] org.apache.catalina.core.ApplicationContext.log SessionListener: contextInitialized()
23-Jul-2019 15:24:08.026 信息 [localhost-startStop-1] org.apache.catalina.core.ApplicationContext.log No Spring WebApplicationInitializer types detected on classpath
23-Jul-2019 15:24:08.565 信息 [localhost-startStop-1] org.apache.catalina.core.ApplicationContext.log Initializing Spring root WebApplicationContext
23-Jul-2019 15:24:43.800 信息 [localhost-startStop-1] org.apache.catalina.core.ApplicationContext.log No Spring WebApplicationInitializer types detected on classpath
23-Jul-2019 15:24:44.041 信息 [localhost-startStop-1] org.apache.catalina.core.ApplicationContext.log Initializing log4j system
23-Jul-2019 15:24:44.466 信息 [localhost-startStop-1] org.apache.catalina.core.ApplicationContext.log Initializing Spring root WebApplicationContext
23-Jul-2019 15:25:05.491 信息 [localhost-startStop-1] org.apache.catalina.core.ApplicationContext.log Initializing Spring sub WebApplicationContext: sysmanage
23-Jul-2019 15:25:10.762 信息 [localhost-startStop-1] org.apache.catalina.core.ApplicationContext.log Initializing Spring sub WebApplicationContext: sysinfo
23-Jul-2019 15:25:14.635 信息 [localhost-startStop-1] org.apache.catalina.core.ApplicationContext.log Initializing Spring sub WebApplicationContext: personal
23-Jul-2019 15:25:18.032 信息 [localhost-startStop-1] org.apache.catalina.core.ApplicationContext.log Initializing Spring sub WebApplicationContext: governance
23-Jul-2019 15:25:21.472 信息 [localhost-startStop-1] org.apache.catalina.core.ApplicationContext.log Initializing Spring sub WebApplicationContext: home
23-Jul-2019 15:25:24.657 信息 [localhost-startStop-1] org.apache.catalina.core.ApplicationContext.log WebxComponents: initialization completed
23-Jul-2019 15:25:24.763 信息 [localhost-startStop-1] org.apache.catalina.core.ApplicationContext.log Initializing filter: webx
23-Jul-2019 15:25:24.829 信息 [localhost-startStop-1] org.apache.catalina.core.ApplicationContext.log WebxFrameworkFilter - webx: initialization completed
23-Jul-2019 15:25:24.833 信息 [localhost-startStop-1] org.apache.catalina.core.ApplicationContext.log Initializing filter: mdc
23-Jul-2019 15:25:24.836 信息 [localhost-startStop-1] org.apache.catalina.core.ApplicationContext.log SetLoggingContextFilter - mdc: initialization completed
23-Jul-2019 15:25:28.381 信息 [localhost-startStop-1] org.apache.catalina.core.ApplicationContext.log ContextListener: contextInitialized()
23-Jul-2019 15:25:28.381 信息 [localhost-startStop-1] org.apache.catalina.core.ApplicationContext.log SessionListener: contextInitialized()
